{"logTime": "1103/190417", "correlationVector":"M5bMlHidhxw2rLjTVWSE2+.1","action":"SyncServerConnectionManagerRequest", "result":"SYNC_SERVER_OK", "context":{"environment":"Prod_EastUS2_000e", "migrationStage":"NotStarted", "server":"GENERAL01000016"}}
{"logTime": "1103/190418", "correlationVector":"br63uCTKOi1sSrSgetkgAf","action":"SyncServerConnectionManagerRequest", "result":"SYNC_SERVER_OK", "context":{"environment":"", "migrationStage":"", "server":""}}
{"logTime": "1103/190418", "correlationVector":"M5bMlHidhxw2rLjTVWSE2+","action":"Initial GetUpdates", "result":"", "context":Reason: NEW_CLIENT. cV=M5bMlHidhxw2rLjTVWSE2+}
{"logTime": "1103/190418", "correlationVector":"M5bMlHidhxw2rLjTVWSE2+.2","action":"GetUpdates Response", "result":"Success", "context":Received 1 update(s). cV=M5bMlHidhxw2rLjTVWSE2+.0;server=GENERAL01000016;cloudType=Consumer;environment=Prod_EastUS2_000e;migrationStage=NotStarted}
{"logTime": "1103/190418", "correlationVector":"0kDZhPW6ZHnIiB5QxZwxru","action":"Initial GetUpdates", "result":"", "context":Reason: NEWLY_SUPPORTED_DATATYPE. cV=0kDZhPW6ZHnIiB5QxZwxru}
{"logTime": "1103/190418", "correlationVector":"0kDZhPW6ZHnIiB5QxZwxru.1","action":"SyncServerConnectionManagerRequest", "result":"SYNC_SERVER_OK", "context":{"environment":"Prod_EastUS2_000e", "migrationStage":"NotStarted", "server":"GENERAL0100000L"}}
{"logTime": "1103/190418", "correlationVector":"0kDZhPW6ZHnIiB5QxZwxru.2","action":"GetUpdates Response", "result":"Success", "context":Received 75 update(s). cV=0kDZhPW6ZHnIiB5QxZwxru.0;server=GENERAL0100000L;cloudType=Consumer;environment=Prod_EastUS2_000e;migrationStage=NotStarted}
{"logTime": "1103/190418", "correlationVector":"6/4lYNgMZffLL1a6MU46xD","action":"Initial GetUpdates", "result":"", "context":Reason: NEWLY_SUPPORTED_DATATYPE. cV=6/4lYNgMZffLL1a6MU46xD}
{"logTime": "1103/190418", "correlationVector":"6/4lYNgMZffLL1a6MU46xD.1","action":"SyncServerConnectionManagerRequest", "result":"SYNC_SERVER_OK", "context":{"environment":"Prod_EastUS2_000e", "migrationStage":"NotStarted", "server":"GENERAL0100002J"}}
{"logTime": "1103/190418", "correlationVector":"6/4lYNgMZffLL1a6MU46xD.2","action":"GetUpdates Response", "result":"Success", "context":Received 9 update(s). cV=6/4lYNgMZffLL1a6MU46xD.0;server=GENERAL0100002J;cloudType=Consumer;environment=Prod_EastUS2_000e;migrationStage=NotStarted}
{"logTime": "1103/190418", "correlationVector":"lXrZsw0FC1dGUnsYkLukZc","action":"Initial GetUpdates", "result":"", "context":Reason: NEWLY_SUPPORTED_DATATYPE. cV=lXrZsw0FC1dGUnsYkLukZc}
{"logTime": "1103/190419", "correlationVector":"lXrZsw0FC1dGUnsYkLukZc.1","action":"SyncServerConnectionManagerRequest", "result":"SYNC_SERVER_OK", "context":{"environment":"Prod_EastUS2_000e", "migrationStage":"NotStarted", "server":"GENERAL0100000S"}}
{"logTime": "1103/190419", "correlationVector":"lXrZsw0FC1dGUnsYkLukZc.2","action":"GetUpdates", "result":"DeleteReceived", "context":{"id":"094369e6-f25f-4418-a66d-ecab84cb48c6", "isDeleted:":"true", "version":"1730144393995"}}
{"logTime": "1103/190419", "correlationVector":"lXrZsw0FC1dGUnsYkLukZc.3","action":"GetUpdates", "result":"DeleteReceived", "context":{"id":"a7e832b9-5f3f-4bb1-915b-fab1c12c0d80", "isDeleted:":"true", "version":"1723749228815"}}
{"logTime": "1103/190419", "correlationVector":"lXrZsw0FC1dGUnsYkLukZc.4","action":"GetUpdates", "result":"DeleteReceived", "context":{"id":"abfedcd3-7d0c-447e-9365-a236e79215c4", "isDeleted:":"true", "version":"1724095035193"}}
{"logTime": "1103/190419", "correlationVector":"lXrZsw0FC1dGUnsYkLukZc.5","action":"GetUpdates", "result":"DeleteReceived", "context":{"id":"de91ef04-7bf4-4dee-a83c-a56b0a32fe38", "isDeleted:":"true", "version":"1724104174165"}}
{"logTime": "1103/190419", "correlationVector":"lXrZsw0FC1dGUnsYkLukZc.6","action":"GetUpdates", "result":"DeleteReceived", "context":{"id":"bd5d42b5-a266-4082-86f8-41dde0adbd5d", "isDeleted:":"true", "version":"1724195016750"}}
{"logTime": "1103/190419", "correlationVector":"lXrZsw0FC1dGUnsYkLukZc.7","action":"GetUpdates", "result":"DeleteReceived", "context":{"id":"14297112-112c-4774-876b-41d607f2f064", "isDeleted:":"true", "version":"1724355635467"}}
{"logTime": "1103/190419", "correlationVector":"lXrZsw0FC1dGUnsYkLukZc.8","action":"GetUpdates", "result":"DeleteReceived", "context":{"id":"9c170eed-415e-40e8-a3f0-c261e05fa2f4", "isDeleted:":"true", "version":"1724649165415"}}
{"logTime": "1103/190419", "correlationVector":"lXrZsw0FC1dGUnsYkLukZc.9","action":"GetUpdates", "result":"DeleteReceived", "context":{"id":"c1efc9d4-38e1-442c-95d6-d8fbdc7da166", "isDeleted:":"true", "version":"1724689983030"}}
{"logTime": "1103/190419", "correlationVector":"lXrZsw0FC1dGUnsYkLukZc.10","action":"GetUpdates", "result":"DeleteReceived", "context":{"id":"9335ab18-dfd3-4e06-b108-713ea78002f6", "isDeleted:":"true", "version":"1724690283294"}}
{"logTime": "1103/190419", "correlationVector":"lXrZsw0FC1dGUnsYkLukZc.11","action":"GetUpdates", "result":"DeleteReceived", "context":{"id":"ebc07ca6-99b1-42f4-ace3-0c22f7b3fc5a", "isDeleted:":"true", "version":"1724963330962"}}
{"logTime": "1103/190419", "correlationVector":"lXrZsw0FC1dGUnsYkLukZc.12","action":"GetUpdates", "result":"DeleteReceived", "context":{"id":"20185c0c-e34a-48ec-9464-415bdc02c256", "isDeleted:":"true", "version":"1724963335822"}}
{"logTime": "1103/190419", "correlationVector":"lXrZsw0FC1dGUnsYkLukZc.13","action":"GetUpdates", "result":"DeleteReceived", "context":{"id":"cd323e8d-787b-4895-b978-7d414c8e6811", "isDeleted:":"true", "version":"1725052821810"}}
{"logTime": "1103/190419", "correlationVector":"lXrZsw0FC1dGUnsYkLukZc.14","action":"GetUpdates", "result":"DeleteReceived", "context":{"id":"d463d9f6-1542-4785-95ea-ad077a688de0", "isDeleted:":"true", "version":"1725305111053"}}
{"logTime": "1103/190419", "correlationVector":"lXrZsw0FC1dGUnsYkLukZc.15","action":"GetUpdates", "result":"DeleteReceived", "context":{"id":"fdd019d4-8880-442a-98c6-d23956edf923", "isDeleted:":"true", "version":"1725392151398"}}
{"logTime": "1103/190419", "correlationVector":"lXrZsw0FC1dGUnsYkLukZc.16","action":"GetUpdates", "result":"DeleteReceived", "context":{"id":"41712bfd-a537-4a6d-8e1d-bcc56540f4f2", "isDeleted:":"true", "version":"1725392151400"}}
{"logTime": "1103/190419", "correlationVector":"lXrZsw0FC1dGUnsYkLukZc.17","action":"GetUpdates", "result":"DeleteReceived", "context":{"id":"8fa3ccb3-3912-46ff-86bc-d52612a59a66", "isDeleted:":"true", "version":"1725392277419"}}
{"logTime": "1103/190419", "correlationVector":"lXrZsw0FC1dGUnsYkLukZc.18","action":"GetUpdates", "result":"DeleteReceived", "context":{"id":"59b73242-1480-4647-b262-17ea8b391fe4", "isDeleted:":"true", "version":"1725550166514"}}
{"logTime": "1103/190419", "correlationVector":"lXrZsw0FC1dGUnsYkLukZc.19","action":"GetUpdates", "result":"DeleteReceived", "context":{"id":"2c059c87-eb2c-4a27-9dac-32819baf73f9", "isDeleted:":"true", "version":"1725556666083"}}
{"logTime": "1103/190419", "correlationVector":"lXrZsw0FC1dGUnsYkLukZc.20","action":"GetUpdates", "result":"DeleteReceived", "context":{"id":"ade74b63-9ef0-455e-b2b4-2a3cb52b676f", "isDeleted:":"true", "version":"1725556670660"}}
{"logTime": "1103/190419", "correlationVector":"lXrZsw0FC1dGUnsYkLukZc.21","action":"GetUpdates", "result":"DeleteReceived", "context":{"id":"dabc9a83-5e20-434c-9adc-732b368e8a77", "isDeleted:":"true", "version":"1725576768006"}}
{"logTime": "1103/190419", "correlationVector":"lXrZsw0FC1dGUnsYkLukZc.22","action":"GetUpdates", "result":"DeleteReceived", "context":{"id":"10c2d73a-1036-4158-8cfe-a73e082724be", "isDeleted:":"true", "version":"1725576856061"}}
{"logTime": "1103/190419", "correlationVector":"lXrZsw0FC1dGUnsYkLukZc.23","action":"GetUpdates", "result":"DeleteReceived", "context":{"id":"0e3294a3-7161-44fc-965a-5082f3ab7537", "isDeleted:":"true", "version":"1725577997135"}}
{"logTime": "1103/190419", "correlationVector":"lXrZsw0FC1dGUnsYkLukZc.24","action":"GetUpdates", "result":"DeleteReceived", "context":{"id":"7ecacb6e-9ec0-4dbc-9091-edfe5e6cc272", "isDeleted:":"true", "version":"1725818034274"}}
{"logTime": "1103/190419", "correlationVector":"lXrZsw0FC1dGUnsYkLukZc.25","action":"GetUpdates", "result":"DeleteReceived", "context":{"id":"ef9266f9-f210-47a5-be15-5434c90dc37e", "isDeleted:":"true", "version":"1725818034275"}}
{"logTime": "1103/190419", "correlationVector":"lXrZsw0FC1dGUnsYkLukZc.26","action":"GetUpdates", "result":"DeleteReceived", "context":{"id":"cbdf5ef4-7f46-4da2-bc23-14cf4c4496c0", "isDeleted:":"true", "version":"1725818034277"}}
{"logTime": "1103/190419", "correlationVector":"lXrZsw0FC1dGUnsYkLukZc.27","action":"GetUpdates", "result":"DeleteReceived", "context":{"id":"c93da502-ac70-4921-8dda-d3293bc0a6fc", "isDeleted:":"true", "version":"1726118315077"}}
{"logTime": "1103/190419", "correlationVector":"lXrZsw0FC1dGUnsYkLukZc.28","action":"GetUpdates", "result":"DeleteReceived", "context":{"id":"40458c24-a416-4ef9-aa3c-b28042ca85d5", "isDeleted:":"true", "version":"1726159755594"}}
{"logTime": "1103/190419", "correlationVector":"lXrZsw0FC1dGUnsYkLukZc.29","action":"GetUpdates", "result":"DeleteReceived", "context":{"id":"f2bec87e-ea2a-4561-9728-ad719615582d", "isDeleted:":"true", "version":"1726168254042"}}
{"logTime": "1103/190419", "correlationVector":"lXrZsw0FC1dGUnsYkLukZc.30","action":"GetUpdates", "result":"DeleteReceived", "context":{"id":"5d4a221f-14f5-405d-ba12-a54edec3c943", "isDeleted:":"true", "version":"1726168254045"}}
{"logTime": "1103/190419", "correlationVector":"lXrZsw0FC1dGUnsYkLukZc.31","action":"GetUpdates", "result":"DeleteReceived", "context":{"id":"c1605669-0379-4b1f-a163-2424c4e02174", "isDeleted:":"true", "version":"1726461096566"}}
{"logTime": "1103/190419", "correlationVector":"lXrZsw0FC1dGUnsYkLukZc.32","action":"GetUpdates", "result":"DeleteReceived", "context":{"id":"c00bad8b-907d-4018-bdce-5fca345330b5", "isDeleted:":"true", "version":"1726600467619"}}
{"logTime": "1103/190419", "correlationVector":"lXrZsw0FC1dGUnsYkLukZc.33","action":"GetUpdates", "result":"DeleteReceived", "context":{"id":"9063c478-6a19-4d42-9818-6b2dcb9786e0", "isDeleted:":"true", "version":"1726679357895"}}
{"logTime": "1103/190419", "correlationVector":"lXrZsw0FC1dGUnsYkLukZc.34","action":"GetUpdates", "result":"DeleteReceived", "context":{"id":"3a3475a1-14fe-4451-ad66-5e641626c255", "isDeleted:":"true", "version":"1726782148697"}}
{"logTime": "1103/190419", "correlationVector":"lXrZsw0FC1dGUnsYkLukZc.35","action":"GetUpdates", "result":"DeleteReceived", "context":{"id":"150e0409-2191-4399-830d-654ec339c432", "isDeleted:":"true", "version":"1726782148698"}}
{"logTime": "1103/190419", "correlationVector":"lXrZsw0FC1dGUnsYkLukZc.36","action":"GetUpdates", "result":"DeleteReceived", "context":{"id":"e6f9a626-e7c1-4e3d-bc6a-f67e0a426623", "isDeleted:":"true", "version":"1726782148700"}}
{"logTime": "1103/190419", "correlationVector":"lXrZsw0FC1dGUnsYkLukZc.37","action":"GetUpdates", "result":"DeleteReceived", "context":{"id":"638939a2-e193-4016-8a9d-817f76f3c6bc", "isDeleted:":"true", "version":"1727376084880"}}
{"logTime": "1103/190419", "correlationVector":"lXrZsw0FC1dGUnsYkLukZc.38","action":"GetUpdates", "result":"DeleteReceived", "context":{"id":"aa8fa81e-3a3f-48c6-8b41-1552702a0000", "isDeleted:":"true", "version":"1727376084881"}}
{"logTime": "1103/190419", "correlationVector":"lXrZsw0FC1dGUnsYkLukZc.39","action":"GetUpdates", "result":"DeleteReceived", "context":{"id":"264e0226-b038-4bad-b297-04a3777bcac5", "isDeleted:":"true", "version":"1727376084882"}}
{"logTime": "1103/190419", "correlationVector":"lXrZsw0FC1dGUnsYkLukZc.40","action":"GetUpdates", "result":"DeleteReceived", "context":{"id":"03340e5b-241b-4051-a2da-c21e1b161a57", "isDeleted:":"true", "version":"1727380408872"}}
{"logTime": "1103/190419", "correlationVector":"lXrZsw0FC1dGUnsYkLukZc.41","action":"GetUpdates", "result":"DeleteReceived", "context":{"id":"e99b14ec-27b0-4f25-aafd-096b7043f3b6", "isDeleted:":"true", "version":"1727460046622"}}
{"logTime": "1103/190419", "correlationVector":"lXrZsw0FC1dGUnsYkLukZc.42","action":"GetUpdates", "result":"DeleteReceived", "context":{"id":"65ca71d9-0ad3-4361-bec8-1b8a9327f375", "isDeleted:":"true", "version":"1727460046623"}}
{"logTime": "1103/190419", "correlationVector":"lXrZsw0FC1dGUnsYkLukZc.43","action":"GetUpdates", "result":"DeleteReceived", "context":{"id":"e68266d8-71a6-403c-8ef7-38484220f300", "isDeleted:":"true", "version":"1727460046624"}}
{"logTime": "1103/190419", "correlationVector":"lXrZsw0FC1dGUnsYkLukZc.44","action":"GetUpdates", "result":"DeleteReceived", "context":{"id":"f98dcba7-4849-4176-902c-459daabf8c0f", "isDeleted:":"true", "version":"1727460046626"}}
{"logTime": "1103/190419", "correlationVector":"lXrZsw0FC1dGUnsYkLukZc.45","action":"GetUpdates", "result":"DeleteReceived", "context":{"id":"7576f442-4840-41e0-8249-39d90f6fdcec", "isDeleted:":"true", "version":"1727643978150"}}
{"logTime": "1103/190419", "correlationVector":"lXrZsw0FC1dGUnsYkLukZc.46","action":"GetUpdates", "result":"DeleteReceived", "context":{"id":"ec298a98-5581-4470-9b2a-9b7bcdb6624d", "isDeleted:":"true", "version":"1727644311897"}}
{"logTime": "1103/190419", "correlationVector":"lXrZsw0FC1dGUnsYkLukZc.47","action":"GetUpdates", "result":"DeleteReceived", "context":{"id":"32813c70-c6d8-4479-8f04-1173ea22a9cd", "isDeleted:":"true", "version":"1727799717538"}}
{"logTime": "1103/190419", "correlationVector":"lXrZsw0FC1dGUnsYkLukZc.48","action":"GetUpdates", "result":"DeleteReceived", "context":{"id":"3f78e571-4466-420f-92fe-2db9a582de44", "isDeleted:":"true", "version":"1727799744089"}}
{"logTime": "1103/190419", "correlationVector":"lXrZsw0FC1dGUnsYkLukZc.49","action":"GetUpdates", "result":"DeleteReceived", "context":{"id":"03a6885e-4ec1-4aba-bda1-f9d3a7a84941", "isDeleted:":"true", "version":"1727800017584"}}
{"logTime": "1103/190419", "correlationVector":"lXrZsw0FC1dGUnsYkLukZc.50","action":"GetUpdates", "result":"DeleteReceived", "context":{"id":"0a54437b-4f9f-41c7-8ebc-5950cded12cb", "isDeleted:":"true", "version":"1727803618361"}}
{"logTime": "1103/190419", "correlationVector":"lXrZsw0FC1dGUnsYkLukZc.51","action":"GetUpdates", "result":"DeleteReceived", "context":{"id":"c1dbde70-a935-4ab9-b9b2-fbb50b2ee1a7", "isDeleted:":"true", "version":"1728404162949"}}
{"logTime": "1103/190419", "correlationVector":"lXrZsw0FC1dGUnsYkLukZc.52","action":"GetUpdates", "result":"DeleteReceived", "context":{"id":"8979d46d-e40a-4453-84f7-efab4bdf65a6", "isDeleted:":"true", "version":"1728409919796"}}
{"logTime": "1103/190419", "correlationVector":"lXrZsw0FC1dGUnsYkLukZc.53","action":"GetUpdates", "result":"DeleteReceived", "context":{"id":"ea04bda7-39d9-4f1f-948a-7169f668df07", "isDeleted:":"true", "version":"1728501925253"}}
{"logTime": "1103/190419", "correlationVector":"lXrZsw0FC1dGUnsYkLukZc.54","action":"GetUpdates", "result":"DeleteReceived", "context":{"id":"a2119d9f-65ca-4dd2-860b-0eb24b709334", "isDeleted:":"true", "version":"1728585885209"}}
{"logTime": "1103/190419", "correlationVector":"lXrZsw0FC1dGUnsYkLukZc.55","action":"GetUpdates", "result":"DeleteReceived", "context":{"id":"5e399f31-a3a4-44e2-9a7c-52b76d337f90", "isDeleted:":"true", "version":"1728773949894"}}
{"logTime": "1103/190419", "correlationVector":"lXrZsw0FC1dGUnsYkLukZc.56","action":"GetUpdates", "result":"DeleteReceived", "context":{"id":"998c9ea0-f4d2-41b9-96e4-989539fa5531", "isDeleted:":"true", "version":"1728864025075"}}
{"logTime": "1103/190419", "correlationVector":"lXrZsw0FC1dGUnsYkLukZc.57","action":"GetUpdates", "result":"DeleteReceived", "context":{"id":"cfcae4f9-0597-49f1-b6f4-949df2e3eb2c", "isDeleted:":"true", "version":"1728864060451"}}
{"logTime": "1103/190419", "correlationVector":"lXrZsw0FC1dGUnsYkLukZc.58","action":"GetUpdates", "result":"DeleteReceived", "context":{"id":"8623bb70-0e70-48bf-92e8-39debef42696", "isDeleted:":"true", "version":"1728933845140"}}
{"logTime": "1103/190419", "correlationVector":"lXrZsw0FC1dGUnsYkLukZc.59","action":"GetUpdates", "result":"DeleteReceived", "context":{"id":"c8001810-fd56-4108-805d-4a1368c24ccb", "isDeleted:":"true", "version":"1729014629180"}}
{"logTime": "1103/190419", "correlationVector":"lXrZsw0FC1dGUnsYkLukZc.60","action":"GetUpdates", "result":"DeleteReceived", "context":{"id":"b7fd9942-f3b4-4f56-b975-6386ef153e74", "isDeleted:":"true", "version":"1729014629182"}}
{"logTime": "1103/190419", "correlationVector":"lXrZsw0FC1dGUnsYkLukZc.61","action":"GetUpdates", "result":"DeleteReceived", "context":{"id":"661c4f5a-560c-435b-a25b-878e90370505", "isDeleted:":"true", "version":"1729014686220"}}
{"logTime": "1103/190419", "correlationVector":"lXrZsw0FC1dGUnsYkLukZc.62","action":"GetUpdates", "result":"DeleteReceived", "context":{"id":"6588da37-8632-438d-8ce3-79abef30f4f6", "isDeleted:":"true", "version":"1729295810306"}}
{"logTime": "1103/190419", "correlationVector":"lXrZsw0FC1dGUnsYkLukZc.63","action":"GetUpdates", "result":"DeleteReceived", "context":{"id":"f638d4ca-ac99-42a0-a387-4f8544e8562c", "isDeleted:":"true", "version":"1729295815179"}}
{"logTime": "1103/190419", "correlationVector":"lXrZsw0FC1dGUnsYkLukZc.64","action":"GetUpdates", "result":"DeleteReceived", "context":{"id":"1e78fdf3-76cb-4b99-a437-c071303401b6", "isDeleted:":"true", "version":"1729520156559"}}
{"logTime": "1103/190419", "correlationVector":"lXrZsw0FC1dGUnsYkLukZc.65","action":"GetUpdates", "result":"DeleteReceived", "context":{"id":"9bb14535-ff6a-42f7-9821-b42e7f5837fb", "isDeleted:":"true", "version":"1729530024978"}}
{"logTime": "1103/190419", "correlationVector":"lXrZsw0FC1dGUnsYkLukZc.66","action":"GetUpdates", "result":"DeleteReceived", "context":{"id":"f72eb820-1a49-48ee-b4cb-c96d7097fa62", "isDeleted:":"true", "version":"1729612537760"}}
{"logTime": "1103/190419", "correlationVector":"lXrZsw0FC1dGUnsYkLukZc.67","action":"GetUpdates", "result":"DeleteReceived", "context":{"id":"cefcb46d-d1bb-40a7-800e-1a6ff35a10ea", "isDeleted:":"true", "version":"1729709909943"}}
{"logTime": "1103/190419", "correlationVector":"lXrZsw0FC1dGUnsYkLukZc.68","action":"GetUpdates", "result":"DeleteReceived", "context":{"id":"26cc5ecd-b877-4de9-ac87-638d62772092", "isDeleted:":"true", "version":"1729796049339"}}
{"logTime": "1103/190419", "correlationVector":"lXrZsw0FC1dGUnsYkLukZc.69","action":"GetUpdates", "result":"DeleteReceived", "context":{"id":"09c33870-5a84-420f-b47c-6af285b6550b", "isDeleted:":"true", "version":"1729799577815"}}
{"logTime": "1103/190419", "correlationVector":"lXrZsw0FC1dGUnsYkLukZc.70","action":"GetUpdates", "result":"DeleteReceived", "context":{"id":"2a3eedf0-84b5-48b7-8e3b-2da975af9c2f", "isDeleted:":"true", "version":"1729799577816"}}
{"logTime": "1103/190419", "correlationVector":"lXrZsw0FC1dGUnsYkLukZc.71","action":"GetUpdates", "result":"DeleteReceived", "context":{"id":"c5a876f1-0ac6-4810-bfb0-ce21f2d279c9", "isDeleted:":"true", "version":"1729799577819"}}
{"logTime": "1103/190419", "correlationVector":"lXrZsw0FC1dGUnsYkLukZc.72","action":"GetUpdates", "result":"DeleteReceived", "context":{"id":"33a7cd38-30f1-4a1a-90a3-aa3ee9daf217", "isDeleted:":"true", "version":"1730144693168"}}
{"logTime": "1103/190419", "correlationVector":"lXrZsw0FC1dGUnsYkLukZc.73","action":"GetUpdates", "result":"DeleteReceived", "context":{"id":"588b1eb8-23aa-4c89-a806-99567ba1e0dd", "isDeleted:":"true", "version":"1730145093801"}}
{"logTime": "1103/190419", "correlationVector":"lXrZsw0FC1dGUnsYkLukZc.74","action":"GetUpdates Response", "result":"Success", "context":Received 125 update(s). cV=lXrZsw0FC1dGUnsYkLukZc.0;server=GENERAL0100000S;cloudType=Consumer;environment=Prod_EastUS2_000e;migrationStage=NotStarted}
{"logTime": "1103/190419", "correlationVector":"H8dTRRuwxX9A2b7DUj57/p","action":"Normal GetUpdate request", "result":"", "context":cV=H8dTRRuwxX9A2b7DUj57/p
Nudged types: Sessions, Device Info, User Consents
Refresh requested types: Bookmarks, Preferences, Passwords, Autofill Profiles, Autofill, Typed URLs, Extensions, Sessions, Extension settings, History Delete Directives, Device Info, User Consents, Send Tab To Self, Web Apps, Collection, Edge E Drop, Edge Hub App Usage, Edge Tab Group, Edge Wallet, Encryption Keys}
{"logTime": "1103/190419", "correlationVector":"H8dTRRuwxX9A2b7DUj57/p.1","action":"SyncServerConnectionManagerRequest", "result":"SYNC_SERVER_OK", "context":{"environment":"Prod_EastUS2_000e", "migrationStage":"NotStarted", "server":"GENERAL01000002"}}
{"logTime": "1103/190419", "correlationVector":"H8dTRRuwxX9A2b7DUj57/p.2","action":"GetUpdates Response", "result":"Success", "context":Received 0 update(s). cV=H8dTRRuwxX9A2b7DUj57/p.0;server=GENERAL01000002;cloudType=Consumer;environment=Prod_EastUS2_000e;migrationStage=NotStarted}
{"logTime": "1103/190419", "correlationVector":"+GAdZjLV/MV2wCezzJg/lY","action":"DoCompareDataConsistency requsted types: ", "result":"Bookmarks, Preferences, Passwords, Typed URLs, Extensions, Extension settings, History Delete Directives, Send Tab To Self, Web Apps, Collection, Edge E Drop, Edge Tab Group, Edge Wallet, Encryption Keys"}
{"logTime": "1103/190419", "correlationVector":"+GAdZjLV/MV2wCezzJg/lY.0","action":"CompareDataConsistency result: ", "result":"Compare result: Encryption Keys is consistent. local entities count is: 1 local entities hash is: aEfVukIR3fPmRqHTgG2mKzDmoBk="}
{"logTime": "1103/190419", "correlationVector":"+GAdZjLV/MV2wCezzJg/lY.1","action":"CompareDataConsistency result: ", "result":"Compare result: Bookmarks is consistent. local entities count is: 7 local entities hash is: MuOa8HEaM69WCUEWPtPxdXitdMM="}
{"logTime": "1103/190419", "correlationVector":"+GAdZjLV/MV2wCezzJg/lY.2","action":"CompareDataConsistency result: ", "result":"Compare result: Preferences is consistent. local entities count is: 64 local entities hash is: Xu7EDOvCO/hAXMNTdyem+VsKxdI="}
{"logTime": "1103/190419", "correlationVector":"+GAdZjLV/MV2wCezzJg/lY.3","action":"CompareDataConsistency result: ", "result":"Server did not send this Typed URLs local entities count is: 2 local entities hash is: 8oRMf5dlzoOpt/kTiQJ4jZsaZNs="}
{"logTime": "1103/190419", "correlationVector":"+GAdZjLV/MV2wCezzJg/lY.4","action":"CompareDataConsistency result: ", "result":"Compare result: Extensions is consistent. local entities count is: 2 local entities hash is: 1550X7aXWTWXEEU61v7o9sObByg="}
{"logTime": "1103/190419", "correlationVector":"+GAdZjLV/MV2wCezzJg/lY.5","action":"CompareDataConsistency result: ", "result":"Compare result: Extension settings is consistent. local entities count is: 0 local entities hash is: "}
{"logTime": "1103/190419", "correlationVector":"+GAdZjLV/MV2wCezzJg/lY.6","action":"CompareDataConsistency result: ", "result":"Compare result: History Delete Directives is consistent. local entities count is: 0 local entities hash is: "}
{"logTime": "1103/190419", "correlationVector":"+GAdZjLV/MV2wCezzJg/lY.7","action":"CompareDataConsistency result: ", "result":"Server did not send this Send Tab To Self local entities count is: 0 local entities hash is: "}
{"logTime": "1103/190419", "correlationVector":"+GAdZjLV/MV2wCezzJg/lY.8","action":"CompareDataConsistency result: ", "result":"Compare result: Web Apps is consistent. local entities count is: 0 local entities hash is: "}
{"logTime": "1103/190419", "correlationVector":"+GAdZjLV/MV2wCezzJg/lY.9","action":"CompareDataConsistency result: ", "result":"Compare result: Collection is consistent. local entities count is: 0 local entities hash is: "}
{"logTime": "1103/190419", "correlationVector":"+GAdZjLV/MV2wCezzJg/lY.10","action":"CompareDataConsistency result: ", "result":"Compare result: Edge E Drop is consistent. local entities count is: 0 local entities hash is: "}
{"logTime": "1103/190419", "correlationVector":"+GAdZjLV/MV2wCezzJg/lY.11","action":"CompareDataConsistency result: ", "result":"Compare result: Edge Tab Group is consistent. local entities count is: 0 local entities hash is: "}
{"logTime": "1103/190419", "correlationVector":"+GAdZjLV/MV2wCezzJg/lY.12","action":"CompareDataConsistency result: ", "result":"Compare result: Edge Wallet is consistent. local entities count is: 0 local entities hash is: "}
{"logTime": "1103/190419", "correlationVector":"+GAdZjLV/MV2wCezzJg/lY.13","action":"CompareDataConsistency result: ", "result":"Compare result: Passwords is consistent. local entities count is: 9 local entities hash is: Y9xCK09Thtj+0pnO7GuJfaVBWHI="}
{"logTime": "1103/190419", "correlationVector":"ZA/SjpyaPjY3XKPThaGZHx","action":"Commit Request", "result":"", "context":Item count: 4
Contributing types: Sessions, Device Info, User Consents}
{"logTime": "1103/190420", "correlationVector":"ZA/SjpyaPjY3XKPThaGZHx.1","action":"SyncServerConnectionManagerRequest", "result":"SYNC_SERVER_OK", "context":{"environment":"Prod_EastUS2_000e", "migrationStage":"NotStarted", "server":"GENERAL0100001V"}}
{"logTime": "1103/190420", "correlationVector":"ZA/SjpyaPjY3XKPThaGZHx.2","action":"Commit Response", "result":"Success", "context":Result: Success. cV=ZA/SjpyaPjY3XKPThaGZHx.0;server=GENERAL0100001V;cloudType=Consumer;environment=Prod_EastUS2_000e;migrationStage=NotStarted}
{"logTime": "1103/190420", "correlationVector":"","action":"DIAGNOSTIC_REQUEST|v1/diagnosticData/Diagnostic.SendCheckResult()|SUCCESS", "result":""}
{"logTime": "1103/190420", "correlationVector":"7PnSVQp0iele9CaEdtc8Cw","action":"Normal GetUpdate request", "result":"", "context":cV=7PnSVQp0iele9CaEdtc8Cw
Nudged types: Sessions, Device Info}
{"logTime": "1103/190420", "correlationVector":"7PnSVQp0iele9CaEdtc8Cw.1","action":"SyncServerConnectionManagerRequest", "result":"SYNC_SERVER_OK", "context":{"environment":"Prod_EastUS2_000e", "migrationStage":"NotStarted", "server":"GENERAL0100002M"}}
{"logTime": "1103/190420", "correlationVector":"7PnSVQp0iele9CaEdtc8Cw.2","action":"GetUpdates Response", "result":"Success", "context":Received 3 update(s). cV=7PnSVQp0iele9CaEdtc8Cw.0;server=GENERAL0100002M;cloudType=Consumer;environment=Prod_EastUS2_000e;migrationStage=NotStarted}
{"logTime": "1103/190421", "correlationVector":"1etaMyb5mRYf/iAZmxQ2uq","action":"Commit Request", "result":"", "context":Item count: 2
Contributing types: Sessions, User Consents}
{"logTime": "1103/190421", "correlationVector":"1etaMyb5mRYf/iAZmxQ2uq.1","action":"SyncServerConnectionManagerRequest", "result":"SYNC_SERVER_OK", "context":{"environment":"Prod_EastUS2_000e", "migrationStage":"NotStarted", "server":"GENERAL01000007"}}
{"logTime": "1103/190421", "correlationVector":"1etaMyb5mRYf/iAZmxQ2uq.2","action":"Commit Response", "result":"Success", "context":Result: Success. cV=1etaMyb5mRYf/iAZmxQ2uq.0;server=GENERAL01000007;cloudType=Consumer;environment=Prod_EastUS2_000e;migrationStage=NotStarted}
{"logTime": "1103/190426", "correlationVector":"c7rX/KTS1wLZinatls66Ah","action":"Commit Request", "result":"", "context":Item count: 11
Contributing types: Preferences, Passwords, Sessions}
{"logTime": "1103/190426", "correlationVector":"c7rX/KTS1wLZinatls66Ah.1","action":"SyncServerConnectionManagerRequest", "result":"SYNC_SERVER_OK", "context":{"environment":"Prod_EastUS2_000e", "migrationStage":"NotStarted", "server":"GENERAL0100002B"}}
{"logTime": "1103/190426", "correlationVector":"c7rX/KTS1wLZinatls66Ah.2","action":"Commit Response", "result":"Success", "context":Result: Success. cV=c7rX/KTS1wLZinatls66Ah.0;server=GENERAL0100002B;cloudType=Consumer;environment=Prod_EastUS2_000e;migrationStage=NotStarted}
{"logTime": "1103/190457", "correlationVector":"sxISuVqWrT4DEazMkd1Kcf","action":"Commit Request", "result":"", "context":Item count: 1
Contributing types: Sessions}
{"logTime": "1103/190458", "correlationVector":"sxISuVqWrT4DEazMkd1Kcf.1","action":"SyncServerConnectionManagerRequest", "result":"SYNC_SERVER_OK", "context":{"environment":"Prod_EastUS2_000e", "migrationStage":"NotStarted", "server":"GENERAL0100002L"}}
{"logTime": "1103/190458", "correlationVector":"sxISuVqWrT4DEazMkd1Kcf.2","action":"Commit Response", "result":"Success", "context":Result: Success. cV=sxISuVqWrT4DEazMkd1Kcf.0;server=GENERAL0100002L;cloudType=Consumer;environment=Prod_EastUS2_000e;migrationStage=NotStarted}
{"logTime": "1103/190530", "correlationVector":"CKoN2bYDMw1LqzKaLxPMf+","action":"Commit Request", "result":"", "context":Item count: 1
Contributing types: Sessions}
{"logTime": "1103/190530", "correlationVector":"CKoN2bYDMw1LqzKaLxPMf+.1","action":"SyncServerConnectionManagerRequest", "result":"SYNC_SERVER_OK", "context":{"environment":"Prod_EastUS2_000e", "migrationStage":"NotStarted", "server":"GENERAL01000012"}}
{"logTime": "1103/190530", "correlationVector":"CKoN2bYDMw1LqzKaLxPMf+.2","action":"Commit Response", "result":"Success", "context":Result: Success. cV=CKoN2bYDMw1LqzKaLxPMf+.0;server=GENERAL01000012;cloudType=Consumer;environment=Prod_EastUS2_000e;migrationStage=NotStarted}
{"logTime": "1104/003548", "correlationVector":"xTujDEExslyiVal1nuaQPH.1","action":"SyncServerConnectionManagerRequest", "result":"SYNC_SERVER_OK", "context":{"environment":"Prod_EastUS2_000e", "migrationStage":"NotStarted", "server":"GENERAL0100000X"}}
{"logTime": "1104/003548", "correlationVector":"LmZBxt94cw6gzviMjh+aN6","action":"SyncServerConnectionManagerRequest", "result":"SYNC_SERVER_OK", "context":{"environment":"", "migrationStage":"", "server":""}}
{"logTime": "1104/003548", "correlationVector":"xTujDEExslyiVal1nuaQPH","action":"Initial GetUpdates", "result":"", "context":Reason: NEW_CLIENT. cV=xTujDEExslyiVal1nuaQPH}
{"logTime": "1104/003548", "correlationVector":"xTujDEExslyiVal1nuaQPH.2","action":"GetUpdates Response", "result":"Success", "context":Received 1 update(s). cV=xTujDEExslyiVal1nuaQPH.0;server=GENERAL0100000X;cloudType=Consumer;environment=Prod_EastUS2_000e;migrationStage=NotStarted}
{"logTime": "1104/003548", "correlationVector":"Bl2rpRbVMZmsfsjGZXjwIF","action":"Initial GetUpdates", "result":"", "context":Reason: NEWLY_SUPPORTED_DATATYPE. cV=Bl2rpRbVMZmsfsjGZXjwIF}
{"logTime": "1104/003550", "correlationVector":"Bl2rpRbVMZmsfsjGZXjwIF.1","action":"SyncServerConnectionManagerRequest", "result":"SYNC_SERVER_OK", "context":{"environment":"Prod_EastUS2_000e", "migrationStage":"NotStarted", "server":"GENERAL0100001P"}}
{"logTime": "1104/003550", "correlationVector":"Bl2rpRbVMZmsfsjGZXjwIF.2","action":"GetUpdates Response", "result":"Success", "context":Received 9 update(s). cV=Bl2rpRbVMZmsfsjGZXjwIF.0;server=GENERAL0100001P;cloudType=Consumer;environment=Prod_EastUS2_000e;migrationStage=NotStarted}
{"logTime": "1104/003550", "correlationVector":"XFtrsvEDD6nCELWTPnZ0g+","action":"Normal GetUpdate request", "result":"", "context":cV=XFtrsvEDD6nCELWTPnZ0g+
Nudged types: Sessions
Refresh requested types: Bookmarks, Preferences, Passwords, Autofill Profiles, Autofill, Typed URLs, Extensions, Sessions, Extension settings, History Delete Directives, Device Info, User Consents, Send Tab To Self, Web Apps, Collection, Edge E Drop, Edge Hub App Usage, Edge Tab Group, Edge Wallet, Encryption Keys}
{"logTime": "1104/003550", "correlationVector":"XFtrsvEDD6nCELWTPnZ0g+.1","action":"SyncServerConnectionManagerRequest", "result":"SYNC_SERVER_OK", "context":{"environment":"Prod_EastUS2_000e", "migrationStage":"NotStarted", "server":"GENERAL0100002W"}}
{"logTime": "1104/003550", "correlationVector":"XFtrsvEDD6nCELWTPnZ0g+.2","action":"GetUpdates", "result":"DeleteReceived", "context":{"id":"28e50cc8-14ae-456c-8cb7-b8a4cef1ab4f", "isDeleted:":"true", "version":"1730680458422"}}
{"logTime": "1104/003550", "correlationVector":"XFtrsvEDD6nCELWTPnZ0g+.3","action":"GetUpdates Response", "result":"Success", "context":Received 7 update(s). cV=XFtrsvEDD6nCELWTPnZ0g+.0;server=GENERAL0100002W;cloudType=Consumer;environment=Prod_EastUS2_000e;migrationStage=NotStarted}
{"logTime": "1104/003550", "correlationVector":"KB3AnQ1vciSZXe25NRFXj/","action":"Commit Request", "result":"", "context":Item count: 3
Contributing types: Sessions}
{"logTime": "1104/003550", "correlationVector":"KB3AnQ1vciSZXe25NRFXj/.1","action":"SyncServerConnectionManagerRequest", "result":"SYNC_SERVER_OK", "context":{"environment":"Prod_EastUS2_000e", "migrationStage":"NotStarted", "server":"GENERAL0100002I"}}
{"logTime": "1104/003550", "correlationVector":"KB3AnQ1vciSZXe25NRFXj/.2","action":"Commit Response", "result":"Success", "context":Result: Success. cV=KB3AnQ1vciSZXe25NRFXj/.0;server=GENERAL0100002I;cloudType=Consumer;environment=Prod_EastUS2_000e;migrationStage=NotStarted}
{"logTime": "1104/003551", "correlationVector":"OnNcv7xHWLiL8H1RhaxDJf","action":"Normal GetUpdate request", "result":"", "context":cV=OnNcv7xHWLiL8H1RhaxDJf
Nudged types: Sessions
Notified types: Preferences, Device Info}
{"logTime": "1104/003551", "correlationVector":"OnNcv7xHWLiL8H1RhaxDJf.1","action":"SyncServerConnectionManagerRequest", "result":"SYNC_SERVER_OK", "context":{"environment":"Prod_EastUS2_000e", "migrationStage":"NotStarted", "server":"GENERAL0100001H"}}
{"logTime": "1104/003551", "correlationVector":"OnNcv7xHWLiL8H1RhaxDJf.2","action":"GetUpdates Response", "result":"Success", "context":Received 3 update(s). cV=OnNcv7xHWLiL8H1RhaxDJf.0;server=GENERAL0100001H;cloudType=Consumer;environment=Prod_EastUS2_000e;migrationStage=NotStarted}
{"logTime": "1104/003600", "correlationVector":"ZlOODPP8t1T5NQa8PyHi4w","action":"Commit Request", "result":"", "context":Item count: 3
Contributing types: Sessions, Edge Hub App Usage}
{"logTime": "1104/003600", "correlationVector":"ZlOODPP8t1T5NQa8PyHi4w.1","action":"SyncServerConnectionManagerRequest", "result":"SYNC_SERVER_OK", "context":{"environment":"Prod_EastUS2_000e", "migrationStage":"NotStarted", "server":"GENERAL01000004"}}
{"logTime": "1104/003600", "correlationVector":"ZlOODPP8t1T5NQa8PyHi4w.2","action":"Commit Response", "result":"Success", "context":Result: Success. cV=ZlOODPP8t1T5NQa8PyHi4w.0;server=GENERAL01000004;cloudType=Consumer;environment=Prod_EastUS2_000e;migrationStage=NotStarted}
{"logTime": "1104/003600", "correlationVector":"ZlOODPP8t1T5NQa8PyHi4w.3","action":"Commit.Sessions", "result":"Success", "context":{"id":"c4eccdc2-82c0-4086-a313-fbe2256b5f5d", "isDeleted":"true", "size":"0", "version":"1730680539173"}}
{"logTime": "1104/003659", "correlationVector":"FqKxDxggfUQeqsuoSkE0+u","action":"Commit Request", "result":"", "context":Item count: 1
Contributing types: Sessions}
{"logTime": "1104/003659", "correlationVector":"FqKxDxggfUQeqsuoSkE0+u.1","action":"SyncServerConnectionManagerRequest", "result":"SYNC_SERVER_OK", "context":{"environment":"Prod_EastUS2_000e", "migrationStage":"NotStarted", "server":"GENERAL01000023"}}
{"logTime": "1104/003659", "correlationVector":"FqKxDxggfUQeqsuoSkE0+u.2","action":"Commit Response", "result":"Success", "context":Result: Success. cV=FqKxDxggfUQeqsuoSkE0+u.0;server=GENERAL01000023;cloudType=Consumer;environment=Prod_EastUS2_000e;migrationStage=NotStarted}
{"logTime": "1104/003814", "correlationVector":"rL+QRjnf8kGLWB0H+b5JCj","action":"Commit Request", "result":"", "context":Item count: 1
Contributing types: Sessions}
{"logTime": "1104/003814", "correlationVector":"rL+QRjnf8kGLWB0H+b5JCj.1","action":"SyncServerConnectionManagerRequest", "result":"SYNC_SERVER_OK", "context":{"environment":"Prod_EastUS2_000e", "migrationStage":"NotStarted", "server":"GENERAL0100001I"}}
{"logTime": "1104/003814", "correlationVector":"rL+QRjnf8kGLWB0H+b5JCj.2","action":"Commit Response", "result":"Success", "context":Result: Success. cV=rL+QRjnf8kGLWB0H+b5JCj.0;server=GENERAL0100001I;cloudType=Consumer;environment=Prod_EastUS2_000e;migrationStage=NotStarted}
{"logTime": "1104/004047", "correlationVector":"qsj6Jy+3xchPUOafH69rtG","action":"Normal GetUpdate request", "result":"", "context":cV=qsj6Jy+3xchPUOafH69rtG
Nudged types: Sessions
Refresh requested types: Bookmarks, Preferences, Passwords, Autofill Profiles, Autofill, Typed URLs, Extensions, Sessions, Extension settings, History Delete Directives, Device Info, User Consents, Send Tab To Self, Web Apps, Collection, Edge E Drop, Edge Hub App Usage, Edge Tab Group, Edge Wallet, Encryption Keys}
{"logTime": "1104/004048", "correlationVector":"qsj6Jy+3xchPUOafH69rtG.1","action":"SyncServerConnectionManagerRequest", "result":"SYNC_SERVER_OK", "context":{"environment":"Prod_EastUS2_000e", "migrationStage":"NotStarted", "server":"GENERAL0100002L"}}
{"logTime": "1104/004048", "correlationVector":"qsj6Jy+3xchPUOafH69rtG.2","action":"GetUpdates", "result":"DeleteReceived", "context":{"id":"c4eccdc2-82c0-4086-a313-fbe2256b5f5d", "isDeleted:":"true", "version":"1730680549408"}}
{"logTime": "1104/004048", "correlationVector":"qsj6Jy+3xchPUOafH69rtG.3","action":"GetUpdates Response", "result":"Success", "context":Received 3 update(s). cV=qsj6Jy+3xchPUOafH69rtG.0;server=GENERAL0100002L;cloudType=Consumer;environment=Prod_EastUS2_000e;migrationStage=NotStarted}
{"logTime": "1104/004048", "correlationVector":"MfBeU0dTLPO0NOLIPTf8ky","action":"Commit Request", "result":"", "context":Item count: 1
Contributing types: Sessions}
{"logTime": "1104/004048", "correlationVector":"MfBeU0dTLPO0NOLIPTf8ky.1","action":"SyncServerConnectionManagerRequest", "result":"SYNC_SERVER_OK", "context":{"environment":"Prod_EastUS2_000e", "migrationStage":"NotStarted", "server":"GENERAL0100002U"}}
{"logTime": "1104/004048", "correlationVector":"MfBeU0dTLPO0NOLIPTf8ky.2","action":"Commit Response", "result":"Success", "context":Result: Success. cV=MfBeU0dTLPO0NOLIPTf8ky.0;server=GENERAL0100002U;cloudType=Consumer;environment=Prod_EastUS2_000e;migrationStage=NotStarted}
{"logTime": "1104/004118", "correlationVector":"d7eC6CbC8JfOHpEoP+KrAJ","action":"Commit Request", "result":"", "context":Item count: 1
Contributing types: Sessions}
{"logTime": "1104/004118", "correlationVector":"d7eC6CbC8JfOHpEoP+KrAJ.1","action":"SyncServerConnectionManagerRequest", "result":"SYNC_SERVER_OK", "context":{"environment":"Prod_EastUS2_000e", "migrationStage":"NotStarted", "server":"GENERAL0100001W"}}
{"logTime": "1104/004118", "correlationVector":"d7eC6CbC8JfOHpEoP+KrAJ.2","action":"Commit Response", "result":"Success", "context":Result: Success. cV=d7eC6CbC8JfOHpEoP+KrAJ.0;server=GENERAL0100001W;cloudType=Consumer;environment=Prod_EastUS2_000e;migrationStage=NotStarted}
{"logTime": "1104/004148", "correlationVector":"Vyd3eORdGiJZ4RkIh8nh/U","action":"Commit Request", "result":"", "context":Item count: 1
Contributing types: Sessions}
{"logTime": "1104/004148", "correlationVector":"Vyd3eORdGiJZ4RkIh8nh/U.1","action":"SyncServerConnectionManagerRequest", "result":"SYNC_SERVER_OK", "context":{"environment":"Prod_EastUS2_000e", "migrationStage":"NotStarted", "server":"GENERAL01000002"}}
{"logTime": "1104/004148", "correlationVector":"Vyd3eORdGiJZ4RkIh8nh/U.2","action":"Commit Response", "result":"Success", "context":Result: Success. cV=Vyd3eORdGiJZ4RkIh8nh/U.0;server=GENERAL01000002;cloudType=Consumer;environment=Prod_EastUS2_000e;migrationStage=NotStarted}
{"logTime": "1104/004328", "correlationVector":"axJpU8CZBBXwvN8f71kJ+a.1","action":"SyncServerConnectionManagerRequest", "result":"SYNC_SERVER_OK", "context":{"environment":"Prod_EastUS2_000e", "migrationStage":"NotStarted", "server":"GENERAL0100001I"}}
{"logTime": "1104/004329", "correlationVector":"680zqzDvyrCzP4I9/5MeSs","action":"SyncServerConnectionManagerRequest", "result":"SYNC_SERVER_OK", "context":{"environment":"", "migrationStage":"", "server":""}}
{"logTime": "1104/004329", "correlationVector":"axJpU8CZBBXwvN8f71kJ+a","action":"Initial GetUpdates", "result":"", "context":Reason: NEW_CLIENT. cV=axJpU8CZBBXwvN8f71kJ+a}
{"logTime": "1104/004329", "correlationVector":"axJpU8CZBBXwvN8f71kJ+a.2","action":"GetUpdates Response", "result":"Success", "context":Received 1 update(s). cV=axJpU8CZBBXwvN8f71kJ+a.0;server=GENERAL0100001I;cloudType=Consumer;environment=Prod_EastUS2_000e;migrationStage=NotStarted}
{"logTime": "1104/004329", "correlationVector":"E4XV0TwlPNNAIUbyzBkeIS","action":"Initial GetUpdates", "result":"", "context":Reason: NEWLY_SUPPORTED_DATATYPE. cV=E4XV0TwlPNNAIUbyzBkeIS}
{"logTime": "1104/004329", "correlationVector":"E4XV0TwlPNNAIUbyzBkeIS.1","action":"SyncServerConnectionManagerRequest", "result":"SYNC_SERVER_OK", "context":{"environment":"Prod_EastUS2_000e", "migrationStage":"NotStarted", "server":"GENERAL01000012"}}
{"logTime": "1104/004329", "correlationVector":"E4XV0TwlPNNAIUbyzBkeIS.2","action":"GetUpdates Response", "result":"Success", "context":Received 9 update(s). cV=E4XV0TwlPNNAIUbyzBkeIS.0;server=GENERAL01000012;cloudType=Consumer;environment=Prod_EastUS2_000e;migrationStage=NotStarted}
{"logTime": "1104/004329", "correlationVector":"W199TjCtVn6iYKjo7IRCVl","action":"Normal GetUpdate request", "result":"", "context":cV=W199TjCtVn6iYKjo7IRCVl
Nudged types: Sessions
Refresh requested types: Bookmarks, Preferences, Passwords, Autofill Profiles, Autofill, Typed URLs, Extensions, Sessions, Extension settings, History Delete Directives, Device Info, User Consents, Send Tab To Self, Web Apps, Collection, Edge E Drop, Edge Hub App Usage, Edge Tab Group, Edge Wallet, Encryption Keys}
{"logTime": "1104/004329", "correlationVector":"W199TjCtVn6iYKjo7IRCVl.1","action":"SyncServerConnectionManagerRequest", "result":"SYNC_SERVER_OK", "context":{"environment":"Prod_EastUS2_000e", "migrationStage":"NotStarted", "server":"GENERAL0100000Z"}}
{"logTime": "1104/004329", "correlationVector":"W199TjCtVn6iYKjo7IRCVl.2","action":"GetUpdates Response", "result":"Success", "context":Received 1 update(s). cV=W199TjCtVn6iYKjo7IRCVl.0;server=GENERAL0100000Z;cloudType=Consumer;environment=Prod_EastUS2_000e;migrationStage=NotStarted}
{"logTime": "1104/004330", "correlationVector":"7U0BZQtQahOBQKM7PvWjOA","action":"Commit Request", "result":"", "context":Item count: 3
Contributing types: Sessions}
{"logTime": "1104/004330", "correlationVector":"7U0BZQtQahOBQKM7PvWjOA.1","action":"SyncServerConnectionManagerRequest", "result":"SYNC_SERVER_OK", "context":{"environment":"Prod_EastUS2_000e", "migrationStage":"NotStarted", "server":"GENERAL01000016"}}
{"logTime": "1104/004330", "correlationVector":"7U0BZQtQahOBQKM7PvWjOA.2","action":"Commit Response", "result":"Success", "context":Result: Success. cV=7U0BZQtQahOBQKM7PvWjOA.0;server=GENERAL01000016;cloudType=Consumer;environment=Prod_EastUS2_000e;migrationStage=NotStarted}
{"logTime": "1104/004330", "correlationVector":"7U0BZQtQahOBQKM7PvWjOA.3","action":"Commit.Sessions", "result":"Success", "context":{"id":"411fc946-793d-42f9-9f28-aed2f0d7b124", "isDeleted":"true", "size":"0", "version":"1730680897562"}}
{"logTime": "1104/004400", "correlationVector":"Y7EVdfiw94+jql6X2VfOqp","action":"Normal GetUpdate request", "result":"", "context":cV=Y7EVdfiw94+jql6X2VfOqp
Nudged types: Sessions}
{"logTime": "1104/004400", "correlationVector":"Y7EVdfiw94+jql6X2VfOqp.1","action":"SyncServerConnectionManagerRequest", "result":"SYNC_SERVER_OK", "context":{"environment":"Prod_EastUS2_000e", "migrationStage":"NotStarted", "server":"GENERAL0100001K"}}
{"logTime": "1104/004400", "correlationVector":"Y7EVdfiw94+jql6X2VfOqp.2","action":"GetUpdates", "result":"DeleteReceived", "context":{"id":"411fc946-793d-42f9-9f28-aed2f0d7b124", "isDeleted:":"true", "version":"1730680998874"}}
{"logTime": "1104/004400", "correlationVector":"Y7EVdfiw94+jql6X2VfOqp.3","action":"GetUpdates Response", "result":"Success", "context":Received 3 update(s). cV=Y7EVdfiw94+jql6X2VfOqp.0;server=GENERAL0100001K;cloudType=Consumer;environment=Prod_EastUS2_000e;migrationStage=NotStarted}
{"logTime": "1104/004400", "correlationVector":"TEwJHTPKVOapxAFuBwhWXi","action":"Commit Request", "result":"", "context":Item count: 1
Contributing types: Sessions}
{"logTime": "1104/004400", "correlationVector":"TEwJHTPKVOapxAFuBwhWXi.1","action":"SyncServerConnectionManagerRequest", "result":"SYNC_SERVER_OK", "context":{"environment":"Prod_EastUS2_000e", "migrationStage":"NotStarted", "server":"GENERAL01000001"}}
{"logTime": "1104/004400", "correlationVector":"TEwJHTPKVOapxAFuBwhWXi.2","action":"Commit Response", "result":"Success", "context":Result: Success. cV=TEwJHTPKVOapxAFuBwhWXi.0;server=GENERAL01000001;cloudType=Consumer;environment=Prod_EastUS2_000e;migrationStage=NotStarted}
{"logTime": "1104/004829", "correlationVector":"BSLr+qf0P04FAWdTYXiRzs","action":"Normal GetUpdate request", "result":"", "context":cV=BSLr+qf0P04FAWdTYXiRzs
Refresh requested types: Bookmarks, Preferences, Passwords, Autofill Profiles, Autofill, Typed URLs, Extensions, Sessions, Extension settings, History Delete Directives, Device Info, User Consents, Send Tab To Self, Web Apps, Collection, Edge E Drop, Edge Hub App Usage, Edge Tab Group, Edge Wallet, Encryption Keys}
{"logTime": "1104/004829", "correlationVector":"BSLr+qf0P04FAWdTYXiRzs.1","action":"SyncServerConnectionManagerRequest", "result":"SYNC_SERVER_OK", "context":{"environment":"Prod_EastUS2_000e", "migrationStage":"NotStarted", "server":"GENERAL0100000M"}}
{"logTime": "1104/004829", "correlationVector":"BSLr+qf0P04FAWdTYXiRzs.2","action":"GetUpdates Response", "result":"Success", "context":Received 1 update(s). cV=BSLr+qf0P04FAWdTYXiRzs.0;server=GENERAL0100000M;cloudType=Consumer;environment=Prod_EastUS2_000e;migrationStage=NotStarted}
{"logTime": "1104/015036", "correlationVector":"gTqh0ek9mMBnr2iKY++4gt.1","action":"SyncServerConnectionManagerRequest", "result":"SYNC_SERVER_OK", "context":{"environment":"Prod_EastUS2_000e", "migrationStage":"NotStarted", "server":"GENERAL0100001B"}}
{"logTime": "1104/015036", "correlationVector":"EAoQC7rYOjcWZRlP9vz6BQ","action":"SyncServerConnectionManagerRequest", "result":"SYNC_SERVER_OK", "context":{"environment":"", "migrationStage":"", "server":""}}
{"logTime": "1104/015036", "correlationVector":"gTqh0ek9mMBnr2iKY++4gt","action":"Initial GetUpdates", "result":"", "context":Reason: NEW_CLIENT. cV=gTqh0ek9mMBnr2iKY++4gt}
{"logTime": "1104/015036", "correlationVector":"gTqh0ek9mMBnr2iKY++4gt.2","action":"GetUpdates Response", "result":"Success", "context":Received 1 update(s). cV=gTqh0ek9mMBnr2iKY++4gt.0;server=GENERAL0100001B;cloudType=Consumer;environment=Prod_EastUS2_000e;migrationStage=NotStarted}
{"logTime": "1104/015036", "correlationVector":"WOJkWtjobo207gsRuGM4d4","action":"Initial GetUpdates", "result":"", "context":Reason: NEWLY_SUPPORTED_DATATYPE. cV=WOJkWtjobo207gsRuGM4d4}
{"logTime": "1104/015036", "correlationVector":"WOJkWtjobo207gsRuGM4d4.1","action":"SyncServerConnectionManagerRequest", "result":"SYNC_SERVER_OK", "context":{"environment":"Prod_EastUS2_000e", "migrationStage":"NotStarted", "server":"GENERAL0100002P"}}
{"logTime": "1104/015036", "correlationVector":"WOJkWtjobo207gsRuGM4d4.2","action":"GetUpdates Response", "result":"Success", "context":Received 10 update(s). cV=WOJkWtjobo207gsRuGM4d4.0;server=GENERAL0100002P;cloudType=Consumer;environment=Prod_EastUS2_000e;migrationStage=NotStarted}
{"logTime": "1104/015036", "correlationVector":"n1kqWAU9jUxObvGmrGQoNc","action":"Normal GetUpdate request", "result":"", "context":cV=n1kqWAU9jUxObvGmrGQoNc
Nudged types: Sessions
Refresh requested types: Bookmarks, Preferences, Passwords, Autofill Profiles, Autofill, Typed URLs, Extensions, Sessions, Extension settings, History Delete Directives, Device Info, User Consents, Send Tab To Self, Web Apps, Collection, Edge E Drop, Edge Hub App Usage, Edge Tab Group, Edge Wallet, Encryption Keys}
{"logTime": "1104/015037", "correlationVector":"n1kqWAU9jUxObvGmrGQoNc.1","action":"SyncServerConnectionManagerRequest", "result":"SYNC_SERVER_OK", "context":{"environment":"Prod_EastUS2_000e", "migrationStage":"NotStarted", "server":"GENERAL0100002K"}}
{"logTime": "1104/015037", "correlationVector":"n1kqWAU9jUxObvGmrGQoNc.2","action":"GetUpdates", "result":"DeleteReceived", "context":{"id":"e21fa5a6-c779-4130-9118-e6f75ab4f611", "isDeleted:":"true", "version":"1730681391393"}}
{"logTime": "1104/015037", "correlationVector":"n1kqWAU9jUxObvGmrGQoNc.3","action":"GetUpdates Response", "result":"Success", "context":Received 3 update(s). cV=n1kqWAU9jUxObvGmrGQoNc.0;server=GENERAL0100002K;cloudType=Consumer;environment=Prod_EastUS2_000e;migrationStage=NotStarted}
{"logTime": "1104/015110", "correlationVector":"T9340i2iRETcslLRwe2EiJ","action":"Normal GetUpdate request", "result":"", "context":cV=T9340i2iRETcslLRwe2EiJ
Nudged types: Sessions}
{"logTime": "1104/015110", "correlationVector":"T9340i2iRETcslLRwe2EiJ.1","action":"SyncServerConnectionManagerRequest", "result":"SYNC_SERVER_OK", "context":{"environment":"Prod_EastUS2_000e", "migrationStage":"NotStarted", "server":"GENERAL0100001C"}}
{"logTime": "1104/015110", "correlationVector":"T9340i2iRETcslLRwe2EiJ.2","action":"GetUpdates Response", "result":"Success", "context":Received 0 update(s). cV=T9340i2iRETcslLRwe2EiJ.0;server=GENERAL0100001C;cloudType=Consumer;environment=Prod_EastUS2_000e;migrationStage=NotStarted}
{"logTime": "1104/015110", "correlationVector":"vDPzjWXlFvEHPeasDjBdlD","action":"Commit Request", "result":"", "context":Item count: 2
Contributing types: Sessions}
{"logTime": "1104/015111", "correlationVector":"vDPzjWXlFvEHPeasDjBdlD.1","action":"SyncServerConnectionManagerRequest", "result":"SYNC_SERVER_OK", "context":{"environment":"Prod_EastUS2_000e", "migrationStage":"NotStarted", "server":"GENERAL0100000P"}}
{"logTime": "1104/015111", "correlationVector":"vDPzjWXlFvEHPeasDjBdlD.2","action":"Commit Response", "result":"Success", "context":Result: Success. cV=vDPzjWXlFvEHPeasDjBdlD.0;server=GENERAL0100000P;cloudType=Consumer;environment=Prod_EastUS2_000e;migrationStage=NotStarted}
{"logTime": "1104/015458", "correlationVector":"jJulhH4uC+cUgFb8TH0T6y","action":"Commit Request", "result":"", "context":Item count: 1
Contributing types: Sessions}
{"logTime": "1104/015458", "correlationVector":"jJulhH4uC+cUgFb8TH0T6y.1","action":"SyncServerConnectionManagerRequest", "result":"SYNC_SERVER_OK", "context":{"environment":"Prod_EastUS2_000e", "migrationStage":"NotStarted", "server":"GENERAL01000016"}}
{"logTime": "1104/015458", "correlationVector":"jJulhH4uC+cUgFb8TH0T6y.2","action":"Commit Response", "result":"Success", "context":Result: Success. cV=jJulhH4uC+cUgFb8TH0T6y.0;server=GENERAL01000016;cloudType=Consumer;environment=Prod_EastUS2_000e;migrationStage=NotStarted}
{"logTime": "1104/015535", "correlationVector":"Ng7urFyubwpzz4oysQfhho","action":"Normal GetUpdate request", "result":"", "context":cV=Ng7urFyubwpzz4oysQfhho
Refresh requested types: Bookmarks, Preferences, Passwords, Autofill Profiles, Autofill, Typed URLs, Extensions, Sessions, Extension settings, History Delete Directives, Device Info, User Consents, Send Tab To Self, Web Apps, Collection, Edge E Drop, Edge Hub App Usage, Edge Tab Group, Edge Wallet, Encryption Keys}
{"logTime": "1104/015535", "correlationVector":"Ng7urFyubwpzz4oysQfhho.1","action":"SyncServerConnectionManagerRequest", "result":"SYNC_SERVER_OK", "context":{"environment":"Prod_EastUS2_000e", "migrationStage":"NotStarted", "server":"GENERAL0100001O"}}
{"logTime": "1104/015535", "correlationVector":"Ng7urFyubwpzz4oysQfhho.2","action":"GetUpdates Response", "result":"Success", "context":Received 2 update(s). cV=Ng7urFyubwpzz4oysQfhho.0;server=GENERAL0100001O;cloudType=Consumer;environment=Prod_EastUS2_000e;migrationStage=NotStarted}
{"logTime": "1104/020301", "correlationVector":"MwswS64uQ/lh9zxyFNjdvQ.1","action":"SyncServerConnectionManagerRequest", "result":"SYNC_SERVER_OK", "context":{"environment":"Prod_EastUS2_000e", "migrationStage":"NotStarted", "server":"GENERAL0100000B"}}
{"logTime": "1104/020303", "correlationVector":"9atq+3k1+RsJC+eppeudR0","action":"SyncServerConnectionManagerRequest", "result":"SYNC_SERVER_OK", "context":{"environment":"", "migrationStage":"", "server":""}}
{"logTime": "1104/020303", "correlationVector":"MwswS64uQ/lh9zxyFNjdvQ","action":"Initial GetUpdates", "result":"", "context":Reason: NEW_CLIENT. cV=MwswS64uQ/lh9zxyFNjdvQ}
{"logTime": "1104/020303", "correlationVector":"MwswS64uQ/lh9zxyFNjdvQ.2","action":"GetUpdates Response", "result":"Success", "context":Received 1 update(s). cV=MwswS64uQ/lh9zxyFNjdvQ.0;server=GENERAL0100000B;cloudType=Consumer;environment=Prod_EastUS2_000e;migrationStage=NotStarted}
{"logTime": "1104/020303", "correlationVector":"OBLMOBV/loMEwADdM86CyD","action":"Initial GetUpdates", "result":"", "context":Reason: NEWLY_SUPPORTED_DATATYPE. cV=OBLMOBV/loMEwADdM86CyD}
{"logTime": "1104/020303", "correlationVector":"OBLMOBV/loMEwADdM86CyD.1","action":"SyncServerConnectionManagerRequest", "result":"SYNC_SERVER_OK", "context":{"environment":"Prod_EastUS2_000e", "migrationStage":"NotStarted", "server":"GENERAL0100001P"}}
{"logTime": "1104/020303", "correlationVector":"OBLMOBV/loMEwADdM86CyD.2","action":"GetUpdates Response", "result":"Success", "context":Received 10 update(s). cV=OBLMOBV/loMEwADdM86CyD.0;server=GENERAL0100001P;cloudType=Consumer;environment=Prod_EastUS2_000e;migrationStage=NotStarted}
{"logTime": "1104/020303", "correlationVector":"MrnlWi2vdBKobD0IUq3BWV","action":"Normal GetUpdate request", "result":"", "context":cV=MrnlWi2vdBKobD0IUq3BWV
Nudged types: Sessions
Refresh requested types: Bookmarks, Preferences, Passwords, Autofill Profiles, Autofill, Typed URLs, Extensions, Sessions, Extension settings, History Delete Directives, Device Info, User Consents, Send Tab To Self, Web Apps, Collection, Edge E Drop, Edge Hub App Usage, Edge Tab Group, Edge Wallet, Encryption Keys}
{"logTime": "1104/020303", "correlationVector":"MrnlWi2vdBKobD0IUq3BWV.1","action":"SyncServerConnectionManagerRequest", "result":"SYNC_SERVER_OK", "context":{"environment":"Prod_EastUS2_000e", "migrationStage":"NotStarted", "server":"GENERAL0100000O"}}
{"logTime": "1104/020303", "correlationVector":"MrnlWi2vdBKobD0IUq3BWV.2","action":"GetUpdates Response", "result":"Success", "context":Received 0 update(s). cV=MrnlWi2vdBKobD0IUq3BWV.0;server=GENERAL0100000O;cloudType=Consumer;environment=Prod_EastUS2_000e;migrationStage=NotStarted}
{"logTime": "1104/020303", "correlationVector":"kQFXi5+N7sr1qD+ZVZCc2l","action":"Commit Request", "result":"", "context":Item count: 3
Contributing types: Sessions}
{"logTime": "1104/020304", "correlationVector":"kQFXi5+N7sr1qD+ZVZCc2l.1","action":"SyncServerConnectionManagerRequest", "result":"SYNC_SERVER_OK", "context":{"environment":"Prod_EastUS2_000e", "migrationStage":"NotStarted", "server":"GENERAL01000016"}}
{"logTime": "1104/020304", "correlationVector":"kQFXi5+N7sr1qD+ZVZCc2l.3","action":"Commit.Sessions", "result":"Success", "context":{"id":"cc91bfbb-e338-45d0-a615-aca4faf40361", "isDeleted":"true", "size":"0", "version":"1730685288762"}}
{"logTime": "1104/020304", "correlationVector":"kQFXi5+N7sr1qD+ZVZCc2l.2","action":"Commit Response", "result":"Success", "context":Result: Success. cV=kQFXi5+N7sr1qD+ZVZCc2l.0;server=GENERAL01000016;cloudType=Consumer;environment=Prod_EastUS2_000e;migrationStage=NotStarted}
{"logTime": "1104/020334", "correlationVector":"31yg8D50jZReFPU+Gl7Pzz","action":"Normal GetUpdate request", "result":"", "context":cV=31yg8D50jZReFPU+Gl7Pzz
Nudged types: Sessions}
{"logTime": "1104/020334", "correlationVector":"31yg8D50jZReFPU+Gl7Pzz.1","action":"SyncServerConnectionManagerRequest", "result":"SYNC_SERVER_OK", "context":{"environment":"Prod_EastUS2_000e", "migrationStage":"NotStarted", "server":"GENERAL0100001V"}}
{"logTime": "1104/020334", "correlationVector":"31yg8D50jZReFPU+Gl7Pzz.2","action":"GetUpdates", "result":"DeleteReceived", "context":{"id":"cc91bfbb-e338-45d0-a615-aca4faf40361", "isDeleted:":"true", "version":"1730685774075"}}
{"logTime": "1104/020334", "correlationVector":"31yg8D50jZReFPU+Gl7Pzz.3","action":"GetUpdates Response", "result":"Success", "context":Received 3 update(s). cV=31yg8D50jZReFPU+Gl7Pzz.0;server=GENERAL0100001V;cloudType=Consumer;environment=Prod_EastUS2_000e;migrationStage=NotStarted}
{"logTime": "1104/020334", "correlationVector":"9snMIxZ9oPg/0LIV26mrkU","action":"Commit Request", "result":"", "context":Item count: 1
Contributing types: Sessions}
{"logTime": "1104/020334", "correlationVector":"9snMIxZ9oPg/0LIV26mrkU.1","action":"SyncServerConnectionManagerRequest", "result":"SYNC_SERVER_OK", "context":{"environment":"Prod_EastUS2_000e", "migrationStage":"NotStarted", "server":"GENERAL0100000S"}}
{"logTime": "1104/020334", "correlationVector":"9snMIxZ9oPg/0LIV26mrkU.2","action":"Commit Response", "result":"Success", "context":Result: Success. cV=9snMIxZ9oPg/0LIV26mrkU.0;server=GENERAL0100000S;cloudType=Consumer;environment=Prod_EastUS2_000e;migrationStage=NotStarted}
{"logTime": "1104/020800", "correlationVector":"tHrZCiRm1P1zA9seUqEXhR","action":"Normal GetUpdate request", "result":"", "context":cV=tHrZCiRm1P1zA9seUqEXhR
Refresh requested types: Bookmarks, Preferences, Passwords, Autofill Profiles, Autofill, Typed URLs, Extensions, Sessions, Extension settings, History Delete Directives, Device Info, User Consents, Send Tab To Self, Web Apps, Collection, Edge E Drop, Edge Hub App Usage, Edge Tab Group, Edge Wallet, Encryption Keys}
{"logTime": "1104/020801", "correlationVector":"tHrZCiRm1P1zA9seUqEXhR.1","action":"SyncServerConnectionManagerRequest", "result":"SYNC_SERVER_OK", "context":{"environment":"Prod_EastUS2_000e", "migrationStage":"NotStarted", "server":"GENERAL01000008"}}
{"logTime": "1104/020801", "correlationVector":"tHrZCiRm1P1zA9seUqEXhR.2","action":"GetUpdates Response", "result":"Success", "context":Received 1 update(s). cV=tHrZCiRm1P1zA9seUqEXhR.0;server=GENERAL01000008;cloudType=Consumer;environment=Prod_EastUS2_000e;migrationStage=NotStarted}
{"logTime": "1104/020910", "correlationVector":"/C4rVHIrKi0Ee4xtwzzb7C","action":"Commit Request", "result":"", "context":Item count: 1
Contributing types: Sessions}
{"logTime": "1104/020910", "correlationVector":"/C4rVHIrKi0Ee4xtwzzb7C.1","action":"SyncServerConnectionManagerRequest", "result":"SYNC_SERVER_OK", "context":{"environment":"Prod_EastUS2_000e", "migrationStage":"NotStarted", "server":"GENERAL01000020"}}
{"logTime": "1104/020910", "correlationVector":"/C4rVHIrKi0Ee4xtwzzb7C.2","action":"Commit Response", "result":"Success", "context":Result: Success. cV=/C4rVHIrKi0Ee4xtwzzb7C.0;server=GENERAL01000020;cloudType=Consumer;environment=Prod_EastUS2_000e;migrationStage=NotStarted}
{"logTime": "1104/022101", "correlationVector":"xVh+hCNJEIciBqjNbP61UY","action":"Commit Request", "result":"", "context":Item count: 1
Contributing types: Sessions}
{"logTime": "1104/022102", "correlationVector":"xVh+hCNJEIciBqjNbP61UY.1","action":"SyncServerConnectionManagerRequest", "result":"SYNC_SERVER_OK", "context":{"environment":"Prod_EastUS2_000e", "migrationStage":"NotStarted", "server":"GENERAL0100001L"}}
{"logTime": "1104/022102", "correlationVector":"xVh+hCNJEIciBqjNbP61UY.2","action":"Commit Response", "result":"Success", "context":Result: Success. cV=xVh+hCNJEIciBqjNbP61UY.0;server=GENERAL0100001L;cloudType=Consumer;environment=Prod_EastUS2_000e;migrationStage=NotStarted}
{"logTime": "1104/023616", "correlationVector":"bpjVU9AD15vUoIcVBNY9gG","action":"Commit Request", "result":"", "context":Item count: 1
Contributing types: Sessions}
{"logTime": "1104/023616", "correlationVector":"bpjVU9AD15vUoIcVBNY9gG.1","action":"SyncServerConnectionManagerRequest", "result":"SYNC_SERVER_OK", "context":{"environment":"Prod_EastUS2_000e", "migrationStage":"NotStarted", "server":"GENERAL0100001E"}}
{"logTime": "1104/023616", "correlationVector":"bpjVU9AD15vUoIcVBNY9gG.2","action":"Commit Response", "result":"Success", "context":Result: Success. cV=bpjVU9AD15vUoIcVBNY9gG.0;server=GENERAL0100001E;cloudType=Consumer;environment=Prod_EastUS2_000e;migrationStage=NotStarted}
{"logTime": "1104/023656", "correlationVector":"mrUqhQrBW5hITPcqKXbzC1","action":"Commit Request", "result":"", "context":Item count: 1
Contributing types: Sessions}
{"logTime": "1104/023656", "correlationVector":"mrUqhQrBW5hITPcqKXbzC1.1","action":"SyncServerConnectionManagerRequest", "result":"SYNC_SERVER_OK", "context":{"environment":"Prod_EastUS2_000e", "migrationStage":"NotStarted", "server":"GENERAL0100000P"}}
{"logTime": "1104/023656", "correlationVector":"mrUqhQrBW5hITPcqKXbzC1.2","action":"Commit Response", "result":"Success", "context":Result: Success. cV=mrUqhQrBW5hITPcqKXbzC1.0;server=GENERAL0100000P;cloudType=Consumer;environment=Prod_EastUS2_000e;migrationStage=NotStarted}
{"logTime": "1104/023726", "correlationVector":"e6AtHACdh7Ng32Y49uVRqr","action":"Commit Request", "result":"", "context":Item count: 1
Contributing types: Sessions}
{"logTime": "1104/023727", "correlationVector":"e6AtHACdh7Ng32Y49uVRqr.1","action":"SyncServerConnectionManagerRequest", "result":"SYNC_SERVER_OK", "context":{"environment":"Prod_EastUS2_000e", "migrationStage":"NotStarted", "server":"GENERAL0100001E"}}
{"logTime": "1104/023727", "correlationVector":"e6AtHACdh7Ng32Y49uVRqr.2","action":"Commit Response", "result":"Success", "context":Result: Success. cV=e6AtHACdh7Ng32Y49uVRqr.0;server=GENERAL0100001E;cloudType=Consumer;environment=Prod_EastUS2_000e;migrationStage=NotStarted}
{"logTime": "1104/023807", "correlationVector":"k2AHBPkIBTgMKHl2BdIaOK","action":"Commit Request", "result":"", "context":Item count: 1
Contributing types: Sessions}
{"logTime": "1104/023807", "correlationVector":"k2AHBPkIBTgMKHl2BdIaOK.1","action":"SyncServerConnectionManagerRequest", "result":"SYNC_SERVER_OK", "context":{"environment":"Prod_EastUS2_000e", "migrationStage":"NotStarted", "server":"GENERAL0100002Q"}}
{"logTime": "1104/023807", "correlationVector":"k2AHBPkIBTgMKHl2BdIaOK.2","action":"Commit Response", "result":"Success", "context":Result: Success. cV=k2AHBPkIBTgMKHl2BdIaOK.0;server=GENERAL0100002Q;cloudType=Consumer;environment=Prod_EastUS2_000e;migrationStage=NotStarted}
{"logTime": "1104/023911", "correlationVector":"v4HNFXh1NsnBAx3RL9cnyI","action":"Commit Request", "result":"", "context":Item count: 1
Contributing types: Sessions}
{"logTime": "1104/023912", "correlationVector":"v4HNFXh1NsnBAx3RL9cnyI.1","action":"SyncServerConnectionManagerRequest", "result":"SYNC_SERVER_OK", "context":{"environment":"Prod_EastUS2_000e", "migrationStage":"NotStarted", "server":"GENERAL0100001G"}}
{"logTime": "1104/023912", "correlationVector":"v4HNFXh1NsnBAx3RL9cnyI.2","action":"Commit Response", "result":"Success", "context":Result: Success. cV=v4HNFXh1NsnBAx3RL9cnyI.0;server=GENERAL0100001G;cloudType=Consumer;environment=Prod_EastUS2_000e;migrationStage=NotStarted}
{"logTime": "1104/024025", "correlationVector":"uoK/XMoDTOmmKwnKtCjDPv","action":"Commit Request", "result":"", "context":Item count: 1
Contributing types: Sessions}
{"logTime": "1104/024025", "correlationVector":"uoK/XMoDTOmmKwnKtCjDPv.1","action":"SyncServerConnectionManagerRequest", "result":"SYNC_SERVER_OK", "context":{"environment":"Prod_EastUS2_000e", "migrationStage":"NotStarted", "server":"GENERAL0100001M"}}
{"logTime": "1104/024025", "correlationVector":"uoK/XMoDTOmmKwnKtCjDPv.2","action":"Commit Response", "result":"Success", "context":Result: Success. cV=uoK/XMoDTOmmKwnKtCjDPv.0;server=GENERAL0100001M;cloudType=Consumer;environment=Prod_EastUS2_000e;migrationStage=NotStarted}
{"logTime": "1104/024217", "correlationVector":"NuZ2f/snzWBayIcrpnVyzJ.1","action":"SyncServerConnectionManagerRequest", "result":"SYNC_SERVER_OK", "context":{"environment":"Prod_EastUS2_000e", "migrationStage":"NotStarted", "server":"GENERAL01000024"}}
{"logTime": "1104/024217", "correlationVector":"kLotnrFJQv0sWBHxsLXQJC","action":"SyncServerConnectionManagerRequest", "result":"SYNC_SERVER_OK", "context":{"environment":"", "migrationStage":"", "server":""}}
{"logTime": "1104/024217", "correlationVector":"NuZ2f/snzWBayIcrpnVyzJ","action":"Initial GetUpdates", "result":"", "context":Reason: NEW_CLIENT. cV=NuZ2f/snzWBayIcrpnVyzJ}
{"logTime": "1104/024217", "correlationVector":"NuZ2f/snzWBayIcrpnVyzJ.2","action":"GetUpdates Response", "result":"Success", "context":Received 1 update(s). cV=NuZ2f/snzWBayIcrpnVyzJ.0;server=GENERAL01000024;cloudType=Consumer;environment=Prod_EastUS2_000e;migrationStage=NotStarted}
{"logTime": "1104/024217", "correlationVector":"peY/QTGjT6lXvns7LR49wY","action":"Initial GetUpdates", "result":"", "context":Reason: NEWLY_SUPPORTED_DATATYPE. cV=peY/QTGjT6lXvns7LR49wY}
{"logTime": "1104/024218", "correlationVector":"peY/QTGjT6lXvns7LR49wY.1","action":"SyncServerConnectionManagerRequest", "result":"SYNC_SERVER_OK", "context":{"environment":"Prod_EastUS2_000e", "migrationStage":"NotStarted", "server":"GENERAL0100002V"}}
{"logTime": "1104/024218", "correlationVector":"peY/QTGjT6lXvns7LR49wY.2","action":"GetUpdates Response", "result":"Success", "context":Received 10 update(s). cV=peY/QTGjT6lXvns7LR49wY.0;server=GENERAL0100002V;cloudType=Consumer;environment=Prod_EastUS2_000e;migrationStage=NotStarted}
{"logTime": "1104/024218", "correlationVector":"0VRs2zRmG9uIYpOXaA3yVs","action":"Normal GetUpdate request", "result":"", "context":cV=0VRs2zRmG9uIYpOXaA3yVs
Nudged types: Sessions
Refresh requested types: Bookmarks, Preferences, Passwords, Autofill Profiles, Autofill, Typed URLs, Extensions, Sessions, Extension settings, History Delete Directives, Device Info, User Consents, Send Tab To Self, Web Apps, Collection, Edge E Drop, Edge Hub App Usage, Edge Tab Group, Edge Wallet, Encryption Keys}
{"logTime": "1104/024218", "correlationVector":"0VRs2zRmG9uIYpOXaA3yVs.1","action":"SyncServerConnectionManagerRequest", "result":"SYNC_SERVER_OK", "context":{"environment":"Prod_EastUS2_000e", "migrationStage":"NotStarted", "server":"GENERAL0100001J"}}
{"logTime": "1104/024218", "correlationVector":"0VRs2zRmG9uIYpOXaA3yVs.2","action":"GetUpdates Response", "result":"Success", "context":Received 1 update(s). cV=0VRs2zRmG9uIYpOXaA3yVs.0;server=GENERAL0100001J;cloudType=Consumer;environment=Prod_EastUS2_000e;migrationStage=NotStarted}
{"logTime": "1104/024218", "correlationVector":"2ACUNImaExFZ2yf6k7CjdD","action":"Commit Request", "result":"", "context":Item count: 3
Contributing types: Sessions}
{"logTime": "1104/024218", "correlationVector":"2ACUNImaExFZ2yf6k7CjdD.1","action":"SyncServerConnectionManagerRequest", "result":"SYNC_SERVER_OK", "context":{"environment":"Prod_EastUS2_000e", "migrationStage":"NotStarted", "server":"GENERAL0100000T"}}
{"logTime": "1104/024218", "correlationVector":"2ACUNImaExFZ2yf6k7CjdD.2","action":"Commit Response", "result":"Success", "context":Result: Success. cV=2ACUNImaExFZ2yf6k7CjdD.0;server=GENERAL0100000T;cloudType=Consumer;environment=Prod_EastUS2_000e;migrationStage=NotStarted}
{"logTime": "1104/024248", "correlationVector":"YB9cuq8YLxwxP5HRrB5F8P","action":"Normal GetUpdate request", "result":"", "context":cV=YB9cuq8YLxwxP5HRrB5F8P
Nudged types: Sessions}
{"logTime": "1104/024248", "correlationVector":"YB9cuq8YLxwxP5HRrB5F8P.1","action":"SyncServerConnectionManagerRequest", "result":"SYNC_SERVER_OK", "context":{"environment":"Prod_EastUS2_000e", "migrationStage":"NotStarted", "server":"GENERAL0100001M"}}
{"logTime": "1104/024248", "correlationVector":"YB9cuq8YLxwxP5HRrB5F8P.2","action":"GetUpdates Response", "result":"Success", "context":Received 3 update(s). cV=YB9cuq8YLxwxP5HRrB5F8P.0;server=GENERAL0100001M;cloudType=Consumer;environment=Prod_EastUS2_000e;migrationStage=NotStarted}
{"logTime": "1104/024248", "correlationVector":"klL9RFoFQRyZQ7zTNnwgXF","action":"Commit Request", "result":"", "context":Item count: 2
Contributing types: Sessions}
{"logTime": "1104/024249", "correlationVector":"klL9RFoFQRyZQ7zTNnwgXF.1","action":"SyncServerConnectionManagerRequest", "result":"SYNC_SERVER_OK", "context":{"environment":"Prod_EastUS2_000e", "migrationStage":"NotStarted", "server":"GENERAL0100002V"}}
{"logTime": "1104/024249", "correlationVector":"klL9RFoFQRyZQ7zTNnwgXF.3","action":"Commit.Sessions", "result":"Success", "context":{"id":"0197bdb1-2fb8-44ec-9c81-404c1a18d116", "isDeleted":"true", "size":"0", "version":"1730688128650"}}
{"logTime": "1104/024249", "correlationVector":"klL9RFoFQRyZQ7zTNnwgXF.2","action":"Commit Response", "result":"Success", "context":Result: Success. cV=klL9RFoFQRyZQ7zTNnwgXF.0;server=GENERAL0100002V;cloudType=Consumer;environment=Prod_EastUS2_000e;migrationStage=NotStarted}
{"logTime": "1104/024402", "correlationVector":"Hda8KQDepYx07MEIbpTpUt","action":"Commit Request", "result":"", "context":Item count: 1
Contributing types: Sessions}
{"logTime": "1104/024403", "correlationVector":"Hda8KQDepYx07MEIbpTpUt.1","action":"SyncServerConnectionManagerRequest", "result":"SYNC_SERVER_OK", "context":{"environment":"Prod_EastUS2_000e", "migrationStage":"NotStarted", "server":"GENERAL0100001H"}}
{"logTime": "1104/024403", "correlationVector":"Hda8KQDepYx07MEIbpTpUt.2","action":"Commit Response", "result":"Success", "context":Result: Success. cV=Hda8KQDepYx07MEIbpTpUt.0;server=GENERAL0100001H;cloudType=Consumer;environment=Prod_EastUS2_000e;migrationStage=NotStarted}
{"logTime": "1104/044610", "correlationVector":"pNA3pmq5mxYRsgwSbu2ro0.1","action":"SyncServerConnectionManagerRequest", "result":"SYNC_SERVER_OK", "context":{"environment":"Prod_EastUS2_000e", "migrationStage":"NotStarted", "server":"GENERAL01000021"}}
{"logTime": "1104/044611", "correlationVector":"WfItaoQOLRppxwxiDznVMp","action":"SyncServerConnectionManagerRequest", "result":"SYNC_SERVER_OK", "context":{"environment":"", "migrationStage":"", "server":""}}
{"logTime": "1104/044611", "correlationVector":"pNA3pmq5mxYRsgwSbu2ro0","action":"Initial GetUpdates", "result":"", "context":Reason: NEW_CLIENT. cV=pNA3pmq5mxYRsgwSbu2ro0}
{"logTime": "1104/044611", "correlationVector":"pNA3pmq5mxYRsgwSbu2ro0.2","action":"GetUpdates Response", "result":"Success", "context":Received 1 update(s). cV=pNA3pmq5mxYRsgwSbu2ro0.0;server=GENERAL01000021;cloudType=Consumer;environment=Prod_EastUS2_000e;migrationStage=NotStarted}
{"logTime": "1104/044611", "correlationVector":"7H893G0M7hdm8spyZ8EAhG","action":"Initial GetUpdates", "result":"", "context":Reason: NEWLY_SUPPORTED_DATATYPE. cV=7H893G0M7hdm8spyZ8EAhG}
{"logTime": "1104/044611", "correlationVector":"7H893G0M7hdm8spyZ8EAhG.1","action":"SyncServerConnectionManagerRequest", "result":"SYNC_SERVER_OK", "context":{"environment":"Prod_EastUS2_000e", "migrationStage":"NotStarted", "server":"GENERAL0100000E"}}
{"logTime": "1104/044611", "correlationVector":"7H893G0M7hdm8spyZ8EAhG.2","action":"GetUpdates Response", "result":"Success", "context":Received 10 update(s). cV=7H893G0M7hdm8spyZ8EAhG.0;server=GENERAL0100000E;cloudType=Consumer;environment=Prod_EastUS2_000e;migrationStage=NotStarted}
{"logTime": "1104/044611", "correlationVector":"/dYrk/7OPu8GZOSXGGEix2","action":"Normal GetUpdate request", "result":"", "context":cV=/dYrk/7OPu8GZOSXGGEix2
Nudged types: Sessions
Refresh requested types: Bookmarks, Preferences, Passwords, Autofill Profiles, Autofill, Typed URLs, Extensions, Sessions, Extension settings, History Delete Directives, Device Info, User Consents, Send Tab To Self, Web Apps, Collection, Edge E Drop, Edge Hub App Usage, Edge Tab Group, Edge Wallet, Encryption Keys}
{"logTime": "1104/044611", "correlationVector":"/dYrk/7OPu8GZOSXGGEix2.1","action":"SyncServerConnectionManagerRequest", "result":"SYNC_SERVER_OK", "context":{"environment":"Prod_EastUS2_000e", "migrationStage":"NotStarted", "server":"GENERAL0100001V"}}
{"logTime": "1104/044611", "correlationVector":"/dYrk/7OPu8GZOSXGGEix2.2","action":"GetUpdates", "result":"DeleteReceived", "context":{"id":"0197bdb1-2fb8-44ec-9c81-404c1a18d116", "isDeleted:":"true", "version":"1730688159216"}}
{"logTime": "1104/044611", "correlationVector":"/dYrk/7OPu8GZOSXGGEix2.3","action":"GetUpdates", "result":"DeleteReceived", "context":{"id":"5cc64e71-a857-4b9e-a7ea-8215b8b35e87", "isDeleted:":"true", "version":"1730688428029"}}
{"logTime": "1104/044611", "correlationVector":"/dYrk/7OPu8GZOSXGGEix2.4","action":"GetUpdates Response", "result":"Success", "context":Received 4 update(s). cV=/dYrk/7OPu8GZOSXGGEix2.0;server=GENERAL0100001V;cloudType=Consumer;environment=Prod_EastUS2_000e;migrationStage=NotStarted}
{"logTime": "1104/044611", "correlationVector":"gKCLU0VvvBVBBdy2eUNfCx","action":"Poll GetUpdate request", "result":"", "context":cV=gKCLU0VvvBVBBdy2eUNfCx}
{"logTime": "1104/044611", "correlationVector":"gKCLU0VvvBVBBdy2eUNfCx.1","action":"SyncServerConnectionManagerRequest", "result":"SYNC_SERVER_OK", "context":{"environment":"Prod_EastUS2_000e", "migrationStage":"NotStarted", "server":"GENERAL0100002U"}}
{"logTime": "1104/044611", "correlationVector":"gKCLU0VvvBVBBdy2eUNfCx.2","action":"GetUpdates Response", "result":"Success", "context":Received 0 update(s). cV=gKCLU0VvvBVBBdy2eUNfCx.0;server=GENERAL0100002U;cloudType=Consumer;environment=Prod_EastUS2_000e;migrationStage=NotStarted}
{"logTime": "1104/044645", "correlationVector":"rxtX+yJnc81dwM4Z/MqwSW","action":"Normal GetUpdate request", "result":"", "context":cV=rxtX+yJnc81dwM4Z/MqwSW
Nudged types: Sessions}
{"logTime": "1104/044645", "correlationVector":"rxtX+yJnc81dwM4Z/MqwSW.1","action":"SyncServerConnectionManagerRequest", "result":"SYNC_SERVER_OK", "context":{"environment":"Prod_EastUS2_000e", "migrationStage":"NotStarted", "server":"GENERAL0100001K"}}
{"logTime": "1104/044645", "correlationVector":"rxtX+yJnc81dwM4Z/MqwSW.2","action":"GetUpdates Response", "result":"Success", "context":Received 0 update(s). cV=rxtX+yJnc81dwM4Z/MqwSW.0;server=GENERAL0100001K;cloudType=Consumer;environment=Prod_EastUS2_000e;migrationStage=NotStarted}
{"logTime": "1104/044645", "correlationVector":"ii2bNhUxCUK/sMVdlIRpNE","action":"Commit Request", "result":"", "context":Item count: 2
Contributing types: Sessions}
{"logTime": "1104/044645", "correlationVector":"ii2bNhUxCUK/sMVdlIRpNE.1","action":"SyncServerConnectionManagerRequest", "result":"SYNC_SERVER_OK", "context":{"environment":"Prod_EastUS2_000e", "migrationStage":"NotStarted", "server":"GENERAL0100002L"}}
{"logTime": "1104/044645", "correlationVector":"ii2bNhUxCUK/sMVdlIRpNE.2","action":"Commit Response", "result":"Success", "context":Result: Success. cV=ii2bNhUxCUK/sMVdlIRpNE.0;server=GENERAL0100002L;cloudType=Consumer;environment=Prod_EastUS2_000e;migrationStage=NotStarted}
{"logTime": "1104/044715", "correlationVector":"dpfkfWqLmfKRKC7b4fTn/A","action":"Commit Request", "result":"", "context":Item count: 1
Contributing types: Sessions}
{"logTime": "1104/044715", "correlationVector":"dpfkfWqLmfKRKC7b4fTn/A.1","action":"SyncServerConnectionManagerRequest", "result":"SYNC_SERVER_OK", "context":{"environment":"Prod_EastUS2_000e", "migrationStage":"NotStarted", "server":"GENERAL0100001A"}}
{"logTime": "1104/044715", "correlationVector":"dpfkfWqLmfKRKC7b4fTn/A.2","action":"Commit Response", "result":"Success", "context":Result: Success. cV=dpfkfWqLmfKRKC7b4fTn/A.0;server=GENERAL0100001A;cloudType=Consumer;environment=Prod_EastUS2_000e;migrationStage=NotStarted}
{"logTime": "1104/045109", "correlationVector":"T93pRPG1E2cXSX2QJKilDw","action":"Normal GetUpdate request", "result":"", "context":cV=T93pRPG1E2cXSX2QJKilDw
Refresh requested types: Bookmarks, Preferences, Passwords, Autofill Profiles, Autofill, Typed URLs, Extensions, Sessions, Extension settings, History Delete Directives, Device Info, User Consents, Send Tab To Self, Web Apps, Collection, Edge E Drop, Edge Hub App Usage, Edge Tab Group, Edge Wallet, Encryption Keys}
{"logTime": "1104/045110", "correlationVector":"T93pRPG1E2cXSX2QJKilDw.1","action":"SyncServerConnectionManagerRequest", "result":"SYNC_SERVER_OK", "context":{"environment":"Prod_EastUS2_000e", "migrationStage":"NotStarted", "server":"GENERAL0100002V"}}
{"logTime": "1104/045110", "correlationVector":"T93pRPG1E2cXSX2QJKilDw.2","action":"GetUpdates Response", "result":"Success", "context":Received 2 update(s). cV=T93pRPG1E2cXSX2QJKilDw.0;server=GENERAL0100002V;cloudType=Consumer;environment=Prod_EastUS2_000e;migrationStage=NotStarted}
{"logTime": "1104/051958", "correlationVector":"WDC6eYjvu0xkd1u0wwakrC","action":"Commit Request", "result":"", "context":Item count: 1
Contributing types: Sessions}
{"logTime": "1104/051959", "correlationVector":"WDC6eYjvu0xkd1u0wwakrC.1","action":"SyncServerConnectionManagerRequest", "result":"SYNC_SERVER_OK", "context":{"environment":"Prod_EastUS2_000e", "migrationStage":"NotStarted", "server":"GENERAL01000023"}}
{"logTime": "1104/051959", "correlationVector":"WDC6eYjvu0xkd1u0wwakrC.2","action":"Commit Response", "result":"Success", "context":Result: Success. cV=WDC6eYjvu0xkd1u0wwakrC.0;server=GENERAL01000023;cloudType=Consumer;environment=Prod_EastUS2_000e;migrationStage=NotStarted}
{"logTime": "1104/052310", "correlationVector":"WcdnjgI8pVtf6pNrVb9k7R","action":"Commit Request", "result":"", "context":Item count: 1
Contributing types: Sessions}
{"logTime": "1104/052311", "correlationVector":"WcdnjgI8pVtf6pNrVb9k7R.1","action":"SyncServerConnectionManagerRequest", "result":"SYNC_SERVER_OK", "context":{"environment":"Prod_EastUS2_000e", "migrationStage":"NotStarted", "server":"GENERAL0100000V"}}
{"logTime": "1104/052311", "correlationVector":"WcdnjgI8pVtf6pNrVb9k7R.2","action":"Commit Response", "result":"Success", "context":Result: Success. cV=WcdnjgI8pVtf6pNrVb9k7R.0;server=GENERAL0100000V;cloudType=Consumer;environment=Prod_EastUS2_000e;migrationStage=NotStarted}
{"logTime": "1104/052319", "correlationVector":"S8Ty6siX1VYPBnuXZ06ukc","action":"Commit Request", "result":"", "context":Item count: 1
Contributing types: Passwords}
{"logTime": "1104/052319", "correlationVector":"S8Ty6siX1VYPBnuXZ06ukc.1","action":"SyncServerConnectionManagerRequest", "result":"SYNC_SERVER_OK", "context":{"environment":"Prod_EastUS2_000e", "migrationStage":"NotStarted", "server":"GENERAL0100000E"}}
{"logTime": "1104/052319", "correlationVector":"S8Ty6siX1VYPBnuXZ06ukc.2","action":"Commit Response", "result":"Success", "context":Result: Success. cV=S8Ty6siX1VYPBnuXZ06ukc.0;server=GENERAL0100000E;cloudType=Consumer;environment=Prod_EastUS2_000e;migrationStage=NotStarted}
{"logTime": "1104/052355", "correlationVector":"XSSKUR0QSs3Zy+NS0zTGJJ","action":"Commit Request", "result":"", "context":Item count: 1
Contributing types: Sessions}
{"logTime": "1104/052356", "correlationVector":"XSSKUR0QSs3Zy+NS0zTGJJ.1","action":"SyncServerConnectionManagerRequest", "result":"SYNC_SERVER_OK", "context":{"environment":"Prod_EastUS2_000e", "migrationStage":"NotStarted", "server":"GENERAL01000018"}}
{"logTime": "1104/052356", "correlationVector":"XSSKUR0QSs3Zy+NS0zTGJJ.2","action":"Commit Response", "result":"Success", "context":Result: Success. cV=XSSKUR0QSs3Zy+NS0zTGJJ.0;server=GENERAL01000018;cloudType=Consumer;environment=Prod_EastUS2_000e;migrationStage=NotStarted}
{"logTime": "1104/052437", "correlationVector":"2Ni+HMaWPzUJ78nz5ZmmIE","action":"Commit Request", "result":"", "context":Item count: 1
Contributing types: Sessions}
{"logTime": "1104/052437", "correlationVector":"2Ni+HMaWPzUJ78nz5ZmmIE.1","action":"SyncServerConnectionManagerRequest", "result":"SYNC_SERVER_OK", "context":{"environment":"Prod_EastUS2_000e", "migrationStage":"NotStarted", "server":"GENERAL01000024"}}
{"logTime": "1104/052437", "correlationVector":"2Ni+HMaWPzUJ78nz5ZmmIE.2","action":"Commit Response", "result":"Success", "context":Result: Success. cV=2Ni+HMaWPzUJ78nz5ZmmIE.0;server=GENERAL01000024;cloudType=Consumer;environment=Prod_EastUS2_000e;migrationStage=NotStarted}
{"logTime": "1104/052508", "correlationVector":"U96F5a7ejC+lbSzcWnSliQ","action":"Commit Request", "result":"", "context":Item count: 1
Contributing types: Sessions}
{"logTime": "1104/052509", "correlationVector":"U96F5a7ejC+lbSzcWnSliQ.1","action":"SyncServerConnectionManagerRequest", "result":"SYNC_SERVER_OK", "context":{"environment":"Prod_EastUS2_000e", "migrationStage":"NotStarted", "server":"GENERAL0100002P"}}
{"logTime": "1104/052509", "correlationVector":"U96F5a7ejC+lbSzcWnSliQ.2","action":"Commit Response", "result":"Success", "context":Result: Success. cV=U96F5a7ejC+lbSzcWnSliQ.0;server=GENERAL0100002P;cloudType=Consumer;environment=Prod_EastUS2_000e;migrationStage=NotStarted}
{"logTime": "1104/052628", "correlationVector":"2aFbczT3VKr7oIdyLa6EhX","action":"Commit Request", "result":"", "context":Item count: 1
Contributing types: Sessions}
{"logTime": "1104/052628", "correlationVector":"2aFbczT3VKr7oIdyLa6EhX.1","action":"SyncServerConnectionManagerRequest", "result":"SYNC_SERVER_OK", "context":{"environment":"Prod_EastUS2_000e", "migrationStage":"NotStarted", "server":"GENERAL0100001A"}}
{"logTime": "1104/052628", "correlationVector":"2aFbczT3VKr7oIdyLa6EhX.2","action":"Commit Response", "result":"Success", "context":Result: Success. cV=2aFbczT3VKr7oIdyLa6EhX.0;server=GENERAL0100001A;cloudType=Consumer;environment=Prod_EastUS2_000e;migrationStage=NotStarted}
{"logTime": "1104/052737", "correlationVector":"PI6LxvRKnYKMj81xh130Ic","action":"Commit Request", "result":"", "context":Item count: 1
Contributing types: Sessions}
{"logTime": "1104/052738", "correlationVector":"PI6LxvRKnYKMj81xh130Ic.1","action":"SyncServerConnectionManagerRequest", "result":"SYNC_SERVER_OK", "context":{"environment":"Prod_EastUS2_000e", "migrationStage":"NotStarted", "server":"GENERAL01000020"}}
{"logTime": "1104/052738", "correlationVector":"PI6LxvRKnYKMj81xh130Ic.2","action":"Commit Response", "result":"Success", "context":Result: Success. cV=PI6LxvRKnYKMj81xh130Ic.0;server=GENERAL01000020;cloudType=Consumer;environment=Prod_EastUS2_000e;migrationStage=NotStarted}
{"logTime": "1104/053007", "correlationVector":"pdsPijYSZYs6zmW4vpNaSR","action":"Commit Request", "result":"", "context":Item count: 1
Contributing types: Sessions}
{"logTime": "1104/053007", "correlationVector":"pdsPijYSZYs6zmW4vpNaSR.1","action":"SyncServerConnectionManagerRequest", "result":"SYNC_SERVER_OK", "context":{"environment":"Prod_EastUS2_000e", "migrationStage":"NotStarted", "server":"GENERAL01000006"}}
{"logTime": "1104/053007", "correlationVector":"pdsPijYSZYs6zmW4vpNaSR.2","action":"Commit Response", "result":"Success", "context":Result: Success. cV=pdsPijYSZYs6zmW4vpNaSR.0;server=GENERAL01000006;cloudType=Consumer;environment=Prod_EastUS2_000e;migrationStage=NotStarted}
{"logTime": "1104/053034", "correlationVector":"fCUkpAge1KYQ7IOOXoTkKD","action":"Commit Request", "result":"", "context":Item count: 2
Contributing types: Passwords, Sessions}
{"logTime": "1104/053034", "correlationVector":"fCUkpAge1KYQ7IOOXoTkKD.1","action":"SyncServerConnectionManagerRequest", "result":"SYNC_SERVER_OK", "context":{"environment":"Prod_EastUS2_000e", "migrationStage":"NotStarted", "server":"GENERAL0100002C"}}
{"logTime": "1104/053034", "correlationVector":"fCUkpAge1KYQ7IOOXoTkKD.2","action":"Commit Response", "result":"Success", "context":Result: Success. cV=fCUkpAge1KYQ7IOOXoTkKD.0;server=GENERAL0100002C;cloudType=Consumer;environment=Prod_EastUS2_000e;migrationStage=NotStarted}
{"logTime": "1104/053109", "correlationVector":"ZosQ8ZO89G0AS9o2UGJDJw","action":"Commit Request", "result":"", "context":Item count: 1
Contributing types: Sessions}
{"logTime": "1104/053109", "correlationVector":"ZosQ8ZO89G0AS9o2UGJDJw.1","action":"SyncServerConnectionManagerRequest", "result":"SYNC_SERVER_OK", "context":{"environment":"Prod_EastUS2_000e", "migrationStage":"NotStarted", "server":"GENERAL0100002N"}}
{"logTime": "1104/053109", "correlationVector":"ZosQ8ZO89G0AS9o2UGJDJw.2","action":"Commit Response", "result":"Success", "context":Result: Success. cV=ZosQ8ZO89G0AS9o2UGJDJw.0;server=GENERAL0100002N;cloudType=Consumer;environment=Prod_EastUS2_000e;migrationStage=NotStarted}
{"logTime": "1104/053232", "correlationVector":"ap6d/7aTPkzRObjoWEAHxw","action":"Commit Request", "result":"", "context":Item count: 1
Contributing types: Sessions}
{"logTime": "1104/053232", "correlationVector":"ap6d/7aTPkzRObjoWEAHxw.1","action":"SyncServerConnectionManagerRequest", "result":"SYNC_SERVER_OK", "context":{"environment":"Prod_EastUS2_000e", "migrationStage":"NotStarted", "server":"GENERAL0100000Z"}}
{"logTime": "1104/053232", "correlationVector":"ap6d/7aTPkzRObjoWEAHxw.2","action":"Commit Response", "result":"Success", "context":Result: Success. cV=ap6d/7aTPkzRObjoWEAHxw.0;server=GENERAL0100000Z;cloudType=Consumer;environment=Prod_EastUS2_000e;migrationStage=NotStarted}
{"logTime": "1104/055110", "correlationVector":"FrAi8nDw1rGhp+CLTqFcU7","action":"Commit Request", "result":"", "context":Item count: 1
Contributing types: Sessions}
{"logTime": "1104/055111", "correlationVector":"FrAi8nDw1rGhp+CLTqFcU7.1","action":"SyncServerConnectionManagerRequest", "result":"SYNC_SERVER_OK", "context":{"environment":"Prod_EastUS2_000e", "migrationStage":"NotStarted", "server":"GENERAL0100002R"}}
{"logTime": "1104/055111", "correlationVector":"FrAi8nDw1rGhp+CLTqFcU7.2","action":"Commit Response", "result":"Success", "context":Result: Success. cV=FrAi8nDw1rGhp+CLTqFcU7.0;server=GENERAL0100002R;cloudType=Consumer;environment=Prod_EastUS2_000e;migrationStage=NotStarted}
{"logTime": "1104/055217", "correlationVector":"q7PF+O4oFYHQ2uIBTylsA8","action":"Commit Request", "result":"", "context":Item count: 1
Contributing types: Sessions}
{"logTime": "1104/055217", "correlationVector":"q7PF+O4oFYHQ2uIBTylsA8.1","action":"SyncServerConnectionManagerRequest", "result":"SYNC_SERVER_OK", "context":{"environment":"Prod_EastUS2_000e", "migrationStage":"NotStarted", "server":"GENERAL0100002I"}}
{"logTime": "1104/055217", "correlationVector":"q7PF+O4oFYHQ2uIBTylsA8.2","action":"Commit Response", "result":"Success", "context":Result: Success. cV=q7PF+O4oFYHQ2uIBTylsA8.0;server=GENERAL0100002I;cloudType=Consumer;environment=Prod_EastUS2_000e;migrationStage=NotStarted}
{"logTime": "1104/055323", "correlationVector":"ex0IYCQedd23eYSSR+b85s","action":"Commit Request", "result":"", "context":Item count: 1
Contributing types: Sessions}
{"logTime": "1104/055323", "correlationVector":"ex0IYCQedd23eYSSR+b85s.1","action":"SyncServerConnectionManagerRequest", "result":"SYNC_SERVER_OK", "context":{"environment":"Prod_EastUS2_000e", "migrationStage":"NotStarted", "server":"GENERAL0100001X"}}
{"logTime": "1104/055323", "correlationVector":"ex0IYCQedd23eYSSR+b85s.2","action":"Commit Response", "result":"Success", "context":Result: Success. cV=ex0IYCQedd23eYSSR+b85s.0;server=GENERAL0100001X;cloudType=Consumer;environment=Prod_EastUS2_000e;migrationStage=NotStarted}
{"logTime": "1104/055514", "correlationVector":"sqSmBvTec27N56lKdTNvAV","action":"Commit Request", "result":"", "context":Item count: 1
Contributing types: Sessions}
{"logTime": "1104/055514", "correlationVector":"sqSmBvTec27N56lKdTNvAV.1","action":"SyncServerConnectionManagerRequest", "result":"SYNC_SERVER_OK", "context":{"environment":"Prod_EastUS2_000e", "migrationStage":"NotStarted", "server":"GENERAL01000025"}}
{"logTime": "1104/055514", "correlationVector":"sqSmBvTec27N56lKdTNvAV.2","action":"Commit Response", "result":"Success", "context":Result: Success. cV=sqSmBvTec27N56lKdTNvAV.0;server=GENERAL01000025;cloudType=Consumer;environment=Prod_EastUS2_000e;migrationStage=NotStarted}
{"logTime": "1104/055551", "correlationVector":"9PoVGKrMoCvYZjpHFFIBQt","action":"Commit Request", "result":"", "context":Item count: 1
Contributing types: Sessions}
{"logTime": "1104/055551", "correlationVector":"9PoVGKrMoCvYZjpHFFIBQt.1","action":"SyncServerConnectionManagerRequest", "result":"SYNC_SERVER_OK", "context":{"environment":"Prod_EastUS2_000e", "migrationStage":"NotStarted", "server":"GENERAL0100000Y"}}
{"logTime": "1104/055551", "correlationVector":"9PoVGKrMoCvYZjpHFFIBQt.2","action":"Commit Response", "result":"Success", "context":Result: Success. cV=9PoVGKrMoCvYZjpHFFIBQt.0;server=GENERAL0100000Y;cloudType=Consumer;environment=Prod_EastUS2_000e;migrationStage=NotStarted}
{"logTime": "1104/055630", "correlationVector":"rAq1bCVi3BETIzfilPCVR+","action":"Commit Request", "result":"", "context":Item count: 1
Contributing types: Sessions}
{"logTime": "1104/055630", "correlationVector":"rAq1bCVi3BETIzfilPCVR+.1","action":"SyncServerConnectionManagerRequest", "result":"SYNC_SERVER_OK", "context":{"environment":"Prod_EastUS2_000e", "migrationStage":"NotStarted", "server":"GENERAL0100001F"}}
{"logTime": "1104/055630", "correlationVector":"rAq1bCVi3BETIzfilPCVR+.2","action":"Commit Response", "result":"Success", "context":Result: Success. cV=rAq1bCVi3BETIzfilPCVR+.0;server=GENERAL0100001F;cloudType=Consumer;environment=Prod_EastUS2_000e;migrationStage=NotStarted}
{"logTime": "1104/055738", "correlationVector":"9+14AmgkYdgqUJSLZGjRWB","action":"Commit Request", "result":"", "context":Item count: 1
Contributing types: Sessions}
{"logTime": "1104/055738", "correlationVector":"9+14AmgkYdgqUJSLZGjRWB.1","action":"SyncServerConnectionManagerRequest", "result":"SYNC_SERVER_OK", "context":{"environment":"Prod_EastUS2_000e", "migrationStage":"NotStarted", "server":"GENERAL01000007"}}
{"logTime": "1104/055738", "correlationVector":"9+14AmgkYdgqUJSLZGjRWB.2","action":"Commit Response", "result":"Success", "context":Result: Success. cV=9+14AmgkYdgqUJSLZGjRWB.0;server=GENERAL01000007;cloudType=Consumer;environment=Prod_EastUS2_000e;migrationStage=NotStarted}
{"logTime": "1104/055950", "correlationVector":"a3lK7K/M3wqevNW+d0dYz4.1","action":"SyncServerConnectionManagerRequest", "result":"SYNC_SERVER_OK", "context":{"environment":"Prod_EastUS2_000e", "migrationStage":"NotStarted", "server":"GENERAL0100000V"}}
{"logTime": "1104/055950", "correlationVector":"t7TInJxnN4f8ecj4btO24h","action":"SyncServerConnectionManagerRequest", "result":"SYNC_SERVER_OK", "context":{"environment":"", "migrationStage":"", "server":""}}
{"logTime": "1104/055950", "correlationVector":"a3lK7K/M3wqevNW+d0dYz4","action":"Initial GetUpdates", "result":"", "context":Reason: NEW_CLIENT. cV=a3lK7K/M3wqevNW+d0dYz4}
{"logTime": "1104/055950", "correlationVector":"a3lK7K/M3wqevNW+d0dYz4.2","action":"GetUpdates Response", "result":"Success", "context":Received 1 update(s). cV=a3lK7K/M3wqevNW+d0dYz4.0;server=GENERAL0100000V;cloudType=Consumer;environment=Prod_EastUS2_000e;migrationStage=NotStarted}
{"logTime": "1104/055950", "correlationVector":"9XjEOhGszkVhnsOXGatifB","action":"Initial GetUpdates", "result":"", "context":Reason: NEWLY_SUPPORTED_DATATYPE. cV=9XjEOhGszkVhnsOXGatifB}
{"logTime": "1104/055951", "correlationVector":"9XjEOhGszkVhnsOXGatifB.1","action":"SyncServerConnectionManagerRequest", "result":"SYNC_SERVER_OK", "context":{"environment":"Prod_EastUS2_000e", "migrationStage":"NotStarted", "server":"GENERAL0100002J"}}
{"logTime": "1104/055951", "correlationVector":"9XjEOhGszkVhnsOXGatifB.2","action":"GetUpdates Response", "result":"Success", "context":Received 11 update(s). cV=9XjEOhGszkVhnsOXGatifB.0;server=GENERAL0100002J;cloudType=Consumer;environment=Prod_EastUS2_000e;migrationStage=NotStarted}
{"logTime": "1104/055951", "correlationVector":"2lrPmkkn0EKYvgy1J+1mAQ","action":"Normal GetUpdate request", "result":"", "context":cV=2lrPmkkn0EKYvgy1J+1mAQ
Nudged types: Sessions
Refresh requested types: Bookmarks, Preferences, Passwords, Autofill Profiles, Autofill, Typed URLs, Extensions, Sessions, Extension settings, History Delete Directives, Device Info, User Consents, Send Tab To Self, Web Apps, Collection, Edge E Drop, Edge Hub App Usage, Edge Tab Group, Edge Wallet, Encryption Keys}
{"logTime": "1104/055951", "correlationVector":"2lrPmkkn0EKYvgy1J+1mAQ.1","action":"SyncServerConnectionManagerRequest", "result":"SYNC_SERVER_OK", "context":{"environment":"Prod_EastUS2_000e", "migrationStage":"NotStarted", "server":"GENERAL0100000L"}}
{"logTime": "1104/055951", "correlationVector":"2lrPmkkn0EKYvgy1J+1mAQ.2","action":"GetUpdates Response", "result":"Success", "context":Received 1 update(s). cV=2lrPmkkn0EKYvgy1J+1mAQ.0;server=GENERAL0100000L;cloudType=Consumer;environment=Prod_EastUS2_000e;migrationStage=NotStarted}
{"logTime": "1104/055951", "correlationVector":"wElkEfUh3TRNmOxTmMhDnN","action":"Commit Request", "result":"", "context":Item count: 3
Contributing types: Sessions}
{"logTime": "1104/055951", "correlationVector":"wElkEfUh3TRNmOxTmMhDnN.1","action":"SyncServerConnectionManagerRequest", "result":"SYNC_SERVER_OK", "context":{"environment":"Prod_EastUS2_000e", "migrationStage":"NotStarted", "server":"GENERAL0100000W"}}
{"logTime": "1104/055951", "correlationVector":"wElkEfUh3TRNmOxTmMhDnN.2","action":"Commit Response", "result":"Success", "context":Result: Success. cV=wElkEfUh3TRNmOxTmMhDnN.0;server=GENERAL0100000W;cloudType=Consumer;environment=Prod_EastUS2_000e;migrationStage=NotStarted}
{"logTime": "1104/060021", "correlationVector":"j3uES/vGohXy/vfs3c64Yb","action":"Normal GetUpdate request", "result":"", "context":cV=j3uES/vGohXy/vfs3c64Yb
Nudged types: Sessions}
{"logTime": "1104/060022", "correlationVector":"j3uES/vGohXy/vfs3c64Yb.1","action":"SyncServerConnectionManagerRequest", "result":"SYNC_SERVER_OK", "context":{"environment":"Prod_EastUS2_000e", "migrationStage":"NotStarted", "server":"GENERAL0100001X"}}
{"logTime": "1104/060022", "correlationVector":"j3uES/vGohXy/vfs3c64Yb.2","action":"GetUpdates Response", "result":"Success", "context":Received 3 update(s). cV=j3uES/vGohXy/vfs3c64Yb.0;server=GENERAL0100001X;cloudType=Consumer;environment=Prod_EastUS2_000e;migrationStage=NotStarted}
{"logTime": "1104/060022", "correlationVector":"b8VoVL48ryQ3iwGauPz/Nz","action":"Commit Request", "result":"", "context":Item count: 2
Contributing types: Sessions}
{"logTime": "1104/060022", "correlationVector":"b8VoVL48ryQ3iwGauPz/Nz.1","action":"SyncServerConnectionManagerRequest", "result":"SYNC_SERVER_OK", "context":{"environment":"Prod_EastUS2_000e", "migrationStage":"NotStarted", "server":"GENERAL01000025"}}
{"logTime": "1104/060022", "correlationVector":"b8VoVL48ryQ3iwGauPz/Nz.3","action":"Commit.Sessions", "result":"Success", "context":{"id":"30c8e2f0-31c9-40fe-9055-25aa861b4dc0", "isDeleted":"true", "size":"0", "version":"1730699981566"}}
{"logTime": "1104/060022", "correlationVector":"b8VoVL48ryQ3iwGauPz/Nz.2","action":"Commit Response", "result":"Success", "context":Result: Success. cV=b8VoVL48ryQ3iwGauPz/Nz.0;server=GENERAL01000025;cloudType=Consumer;environment=Prod_EastUS2_000e;migrationStage=NotStarted}
{"logTime": "1104/060235", "correlationVector":"uHOnzeUyUBD2g/otea17hu","action":"Commit Request", "result":"", "context":Item count: 1
Contributing types: Sessions}
{"logTime": "1104/060235", "correlationVector":"uHOnzeUyUBD2g/otea17hu.1","action":"SyncServerConnectionManagerRequest", "result":"SYNC_SERVER_OK", "context":{"environment":"Prod_EastUS2_000e", "migrationStage":"NotStarted", "server":"GENERAL0100001A"}}
{"logTime": "1104/060235", "correlationVector":"uHOnzeUyUBD2g/otea17hu.2","action":"Commit Response", "result":"Success", "context":Result: Success. cV=uHOnzeUyUBD2g/otea17hu.0;server=GENERAL0100001A;cloudType=Consumer;environment=Prod_EastUS2_000e;migrationStage=NotStarted}
{"logTime": "1104/060345", "correlationVector":"1J+CxXdcFhSL4H1GK8hslL","action":"Commit Request", "result":"", "context":Item count: 1
Contributing types: Sessions}
{"logTime": "1104/060345", "correlationVector":"1J+CxXdcFhSL4H1GK8hslL.1","action":"SyncServerConnectionManagerRequest", "result":"SYNC_SERVER_OK", "context":{"environment":"Prod_EastUS2_000e", "migrationStage":"NotStarted", "server":"GENERAL0100001T"}}
{"logTime": "1104/060345", "correlationVector":"1J+CxXdcFhSL4H1GK8hslL.2","action":"Commit Response", "result":"Success", "context":Result: Success. cV=1J+CxXdcFhSL4H1GK8hslL.0;server=GENERAL0100001T;cloudType=Consumer;environment=Prod_EastUS2_000e;migrationStage=NotStarted}
{"logTime": "1104/060450", "correlationVector":"biV05qENpapiXVSygqp/VT","action":"Normal GetUpdate request", "result":"", "context":cV=biV05qENpapiXVSygqp/VT
Refresh requested types: Bookmarks, Preferences, Passwords, Autofill Profiles, Autofill, Typed URLs, Extensions, Sessions, Extension settings, History Delete Directives, Device Info, User Consents, Send Tab To Self, Web Apps, Collection, Edge E Drop, Edge Hub App Usage, Edge Tab Group, Edge Wallet, Encryption Keys}
{"logTime": "1104/060450", "correlationVector":"biV05qENpapiXVSygqp/VT.1","action":"SyncServerConnectionManagerRequest", "result":"SYNC_SERVER_OK", "context":{"environment":"Prod_EastUS2_000e", "migrationStage":"NotStarted", "server":"GENERAL01000005"}}
{"logTime": "1104/060450", "correlationVector":"biV05qENpapiXVSygqp/VT.2","action":"GetUpdates", "result":"DeleteReceived", "context":{"id":"30c8e2f0-31c9-40fe-9055-25aa861b4dc0", "isDeleted:":"true", "version":"1730700012113"}}
{"logTime": "1104/060450", "correlationVector":"biV05qENpapiXVSygqp/VT.3","action":"GetUpdates Response", "result":"Success", "context":Received 2 update(s). cV=biV05qENpapiXVSygqp/VT.0;server=GENERAL01000005;cloudType=Consumer;environment=Prod_EastUS2_000e;migrationStage=NotStarted}
{"logTime": "1104/060658", "correlationVector":"ln5C6EMYZG6GCpRwjCZg38","action":"Commit Request", "result":"", "context":Item count: 1
Contributing types: Sessions}
{"logTime": "1104/060659", "correlationVector":"ln5C6EMYZG6GCpRwjCZg38.1","action":"SyncServerConnectionManagerRequest", "result":"SYNC_SERVER_OK", "context":{"environment":"Prod_EastUS2_000e", "migrationStage":"NotStarted", "server":"GENERAL0100001P"}}
{"logTime": "1104/060659", "correlationVector":"ln5C6EMYZG6GCpRwjCZg38.2","action":"Commit Response", "result":"Success", "context":Result: Success. cV=ln5C6EMYZG6GCpRwjCZg38.0;server=GENERAL0100001P;cloudType=Consumer;environment=Prod_EastUS2_000e;migrationStage=NotStarted}
